#-----------------------------------------------------------
# Vivado v2024.1 (64-bit)
# SW Build 5076996 on Wed May 22 18:36:09 MDT 2024
# IP Build 5075265 on Wed May 22 21:45:21 MDT 2024
# SharedData Build 5076995 on Wed May 22 18:29:18 MDT 2024
# Start of session at: Thu Feb  6 23:41:40 2025
# Process ID: 889959
# Current directory: /home/yangfan/Desktop/Columbia/2025Spring/Projects/microgpu/tiniest-gpu/fpga/xilinx/full
# Command line: vivado
# Log file: /home/yangfan/Desktop/Columbia/2025Spring/Projects/microgpu/tiniest-gpu/fpga/xilinx/full/vivado.log
# Journal file: /home/yangfan/Desktop/Columbia/2025Spring/Projects/microgpu/tiniest-gpu/fpga/xilinx/full/vivado.jou
# Running On        :Wangs-Linux
# Platform          :Ubuntu
# Operating System  :Ubuntu 20.04.6 LTS
# Processor Detail  :AMD Ryzen 7 3700X 8-Core Processor
# CPU Frequency     :2200.000 MHz
# CPU Physical cores:8
# CPU Logical cores :16
# Host memory       :33550 MB
# Swap memory       :2147 MB
# Total Virtual     :35698 MB
# Available Virtual :13583 MB
#-----------------------------------------------------------
start_gui
open_project /home/yangfan/Desktop/Columbia/2025Spring/Projects/tiniest-gpu/xilinx/full/full.xpr
WARNING: [Board 49-26] cannot add Board Part xilinx.com:k24c:part0:1.0 available at /home/yangfan/Xilinx/Vivado/2024.1/data/xhub/boards/XilinxBoardStore/boards/Xilinx/k24c/1.0/board.xml as part xck24-ubva530-2lv-c specified in board_part file is either invalid or not available
WARNING: [Board 49-26] cannot add Board Part xilinx.com:k24i:part0:1.0 available at /home/yangfan/Xilinx/Vivado/2024.1/data/xhub/boards/XilinxBoardStore/boards/Xilinx/k24i/1.0/board.xml as part xck24-ubva530-2lvi-i specified in board_part file is either invalid or not available
WARNING: [Board 49-26] cannot add Board Part xilinx.com:k26c:part0:1.2 available at /home/yangfan/Xilinx/Vivado/2024.1/data/xhub/boards/XilinxBoardStore/boards/Xilinx/k26c/1.2/board.xml as part xck26-sfvc784-2lv-c specified in board_part file is either invalid or not available
WARNING: [Board 49-26] cannot add Board Part xilinx.com:k26c:part0:1.3 available at /home/yangfan/Xilinx/Vivado/2024.1/data/xhub/boards/XilinxBoardStore/boards/Xilinx/k26c/1.3/board.xml as part xck26-sfvc784-2lv-c specified in board_part file is either invalid or not available
WARNING: [Board 49-26] cannot add Board Part xilinx.com:k26c:part0:1.4 available at /home/yangfan/Xilinx/Vivado/2024.1/data/xhub/boards/XilinxBoardStore/boards/Xilinx/k26c/1.4/board.xml as part xck26-sfvc784-2lv-c specified in board_part file is either invalid or not available
WARNING: [Board 49-26] cannot add Board Part xilinx.com:k26i:part0:1.2 available at /home/yangfan/Xilinx/Vivado/2024.1/data/xhub/boards/XilinxBoardStore/boards/Xilinx/k26i/1.2/board.xml as part xck26-sfvc784-2lvi-i specified in board_part file is either invalid or not available
WARNING: [Board 49-26] cannot add Board Part xilinx.com:k26i:part0:1.3 available at /home/yangfan/Xilinx/Vivado/2024.1/data/xhub/boards/XilinxBoardStore/boards/Xilinx/k26i/1.3/board.xml as part xck26-sfvc784-2lvi-i specified in board_part file is either invalid or not available
WARNING: [Board 49-26] cannot add Board Part xilinx.com:k26i:part0:1.4 available at /home/yangfan/Xilinx/Vivado/2024.1/data/xhub/boards/XilinxBoardStore/boards/Xilinx/k26i/1.4/board.xml as part xck26-sfvc784-2lvi-i specified in board_part file is either invalid or not available
WARNING: [Board 49-26] cannot add Board Part xilinx.com:kc705:part0:1.6 available at /home/yangfan/Xilinx/Vivado/2024.1/data/xhub/boards/XilinxBoardStore/boards/Xilinx/kc705/1.6/board.xml as part xc7k325tffg900-2 specified in board_part file is either invalid or not available
WARNING: [Board 49-26] cannot add Board Part xilinx.com:kcu105:part0:1.6 available at /home/yangfan/Xilinx/Vivado/2024.1/data/xhub/boards/XilinxBoardStore/boards/Xilinx/kcu105/1.6/board.xml as part xcku040-ffva1156-2-e specified in board_part file is either invalid or not available
WARNING: [Board 49-26] cannot add Board Part xilinx.com:kcu105:part0:1.7 available at /home/yangfan/Xilinx/Vivado/2024.1/data/xhub/boards/XilinxBoardStore/boards/Xilinx/kcu105/1.7/board.xml as part xcku040-ffva1156-2-e specified in board_part file is either invalid or not available
WARNING: [Board 49-26] cannot add Board Part xilinx.com:kcu116:part0:1.4 available at /home/yangfan/Xilinx/Vivado/2024.1/data/xhub/boards/XilinxBoardStore/boards/Xilinx/kcu116/1.4/board.xml as part xcku5p-ffvb676-2-e specified in board_part file is either invalid or not available
WARNING: [Board 49-26] cannot add Board Part xilinx.com:kcu116:part0:1.5 available at /home/yangfan/Xilinx/Vivado/2024.1/data/xhub/boards/XilinxBoardStore/boards/Xilinx/kcu116/1.5/board.xml as part xcku5p-ffvb676-2-e specified in board_part file is either invalid or not available
WARNING: [Board 49-26] cannot add Board Part xilinx.com:kcu1500:part0:1.2 available at /home/yangfan/Xilinx/Vivado/2024.1/data/xhub/boards/XilinxBoardStore/boards/Xilinx/kcu1500/1.2/board.xml as part xcku115-flvb2104-2-e specified in board_part file is either invalid or not available
WARNING: [Board 49-26] cannot add Board Part xilinx.com:kd240_som:part0:1.0 available at /home/yangfan/Xilinx/Vivado/2024.1/data/xhub/boards/XilinxBoardStore/boards/Xilinx/kd240_som/1.0/board.xml as part xck24-ubva530-2lv-c specified in board_part file is either invalid or not available
WARNING: [Board 49-26] cannot add Board Part xilinx.com:kr260_som:part0:1.0 available at /home/yangfan/Xilinx/Vivado/2024.1/data/xhub/boards/XilinxBoardStore/boards/Xilinx/kr260_som/1.0/board.xml as part xck26-sfvc784-2lv-c specified in board_part file is either invalid or not available
WARNING: [Board 49-26] cannot add Board Part xilinx.com:kr260_som:part0:1.1 available at /home/yangfan/Xilinx/Vivado/2024.1/data/xhub/boards/XilinxBoardStore/boards/Xilinx/kr260_som/1.1/board.xml as part xck26-sfvc784-2lv-c specified in board_part file is either invalid or not available
WARNING: [Board 49-26] cannot add Board Part xilinx.com:kv260_som:part0:1.2 available at /home/yangfan/Xilinx/Vivado/2024.1/data/xhub/boards/XilinxBoardStore/boards/Xilinx/kv260_som/1.2/board.xml as part xck26-sfvc784-2lv-c specified in board_part file is either invalid or not available
WARNING: [Board 49-26] cannot add Board Part xilinx.com:kv260_som:part0:1.3 available at /home/yangfan/Xilinx/Vivado/2024.1/data/xhub/boards/XilinxBoardStore/boards/Xilinx/kv260_som/1.3/board.xml as part xck26-sfvc784-2lv-c specified in board_part file is either invalid or not available
WARNING: [Board 49-26] cannot add Board Part xilinx.com:kv260_som:part0:1.4 available at /home/yangfan/Xilinx/Vivado/2024.1/data/xhub/boards/XilinxBoardStore/boards/Xilinx/kv260_som/1.4/board.xml as part xck26-sfvc784-2lv-c specified in board_part file is either invalid or not available
WARNING: [Board 49-26] cannot add Board Part xilinx.com:vc707:part0:1.4 available at /home/yangfan/Xilinx/Vivado/2024.1/data/xhub/boards/XilinxBoardStore/boards/Xilinx/vc707/1.4/board.xml as part xc7vx485tffg1761-2 specified in board_part file is either invalid or not available
WARNING: [Board 49-26] cannot add Board Part xilinx.com:vc709:part0:1.8 available at /home/yangfan/Xilinx/Vivado/2024.1/data/xhub/boards/XilinxBoardStore/boards/Xilinx/vc709/1.8/board.xml as part xc7vx690tffg1761-2 specified in board_part file is either invalid or not available
WARNING: [Board 49-26] cannot add Board Part xilinx.com:vck190:part0:2.2 available at /home/yangfan/Xilinx/Vivado/2024.1/data/xhub/boards/XilinxBoardStore/boards/Xilinx/vck190/production/2.2/board.xml as part xcvc1902-vsva2197-2mp-e-s specified in board_part file is either invalid or not available
WARNING: [Board 49-26] cannot add Board Part xilinx.com:vck190:part0:3.0 available at /home/yangfan/Xilinx/Vivado/2024.1/data/xhub/boards/XilinxBoardStore/boards/Xilinx/vck190/production/3.0/board.xml as part xcvc1902-vsva2197-2mp-e-s specified in board_part file is either invalid or not available
WARNING: [Board 49-26] cannot add Board Part xilinx.com:vck190:part0:3.1 available at /home/yangfan/Xilinx/Vivado/2024.1/data/xhub/boards/XilinxBoardStore/boards/Xilinx/vck190/production/3.1/board.xml as part xcvc1902-vsva2197-2mp-e-s specified in board_part file is either invalid or not available
WARNING: [Board 49-26] cannot add Board Part xilinx.com:vck190:part0:3.2 available at /home/yangfan/Xilinx/Vivado/2024.1/data/xhub/boards/XilinxBoardStore/boards/Xilinx/vck190/production/3.2/board.xml as part xcvc1902-vsva2197-2mp-e-s specified in board_part file is either invalid or not available
WARNING: [Board 49-26] cannot add Board Part xilinx.com:vck190:part0:3.3 available at /home/yangfan/Xilinx/Vivado/2024.1/data/xhub/boards/XilinxBoardStore/boards/Xilinx/vck190/production/3.3/board.xml as part xcvc1902-vsva2197-2mp-e-s specified in board_part file is either invalid or not available
WARNING: [Board 49-26] cannot add Board Part xilinx.com:vck190_newl:part0:1.0 available at /home/yangfan/Xilinx/Vivado/2024.1/data/xhub/boards/XilinxBoardStore/boards/Xilinx/vck190_newl/production/1.0/board.xml as part xcvc1902-vsva2197-2mp-e-s specified in board_part file is either invalid or not available
WARNING: [Board 49-26] cannot add Board Part xilinx.com:vck190_newl:part0:1.1 available at /home/yangfan/Xilinx/Vivado/2024.1/data/xhub/boards/XilinxBoardStore/boards/Xilinx/vck190_newl/production/1.1/board.xml as part xcvc1902-vsva2197-2mp-e-s specified in board_part file is either invalid or not available
WARNING: [Board 49-26] cannot add Board Part xilinx.com:vck190_newl:part0:1.2 available at /home/yangfan/Xilinx/Vivado/2024.1/data/xhub/boards/XilinxBoardStore/boards/Xilinx/vck190_newl/production/1.2/board.xml as part xcvc1902-vsva2197-2mp-e-s specified in board_part file is either invalid or not available
WARNING: [Board 49-26] cannot add Board Part xilinx.com:vcu108:part0:1.6 available at /home/yangfan/Xilinx/Vivado/2024.1/data/xhub/boards/XilinxBoardStore/boards/Xilinx/vcu108/1.6/board.xml as part xcvu095-ffva2104-2-e specified in board_part file is either invalid or not available
WARNING: [Board 49-26] cannot add Board Part xilinx.com:vcu108:part0:1.7 available at /home/yangfan/Xilinx/Vivado/2024.1/data/xhub/boards/XilinxBoardStore/boards/Xilinx/vcu108/1.7/board.xml as part xcvu095-ffva2104-2-e specified in board_part file is either invalid or not available
WARNING: [Board 49-26] cannot add Board Part xilinx.com:vcu110:part0:1.4 available at /home/yangfan/Xilinx/Vivado/2024.1/data/xhub/boards/XilinxBoardStore/boards/Xilinx/vcu110/1.4/board.xml as part xcvu190-flgc2104-2-e specified in board_part file is either invalid or not available
WARNING: [Board 49-26] cannot add Board Part xilinx.com:vcu118:part0:2.0 available at /home/yangfan/Xilinx/Vivado/2024.1/data/xhub/boards/XilinxBoardStore/boards/Xilinx/vcu118/2.0/board.xml as part xcvu9p-flga2104-2l-e specified in board_part file is either invalid or not available
WARNING: [Board 49-26] cannot add Board Part xilinx.com:vcu118:part0:2.3 available at /home/yangfan/Xilinx/Vivado/2024.1/data/xhub/boards/XilinxBoardStore/boards/Xilinx/vcu118/2.3/board.xml as part xcvu9p-flga2104-2l-e specified in board_part file is either invalid or not available
WARNING: [Board 49-26] cannot add Board Part xilinx.com:vcu118:part0:2.4 available at /home/yangfan/Xilinx/Vivado/2024.1/data/xhub/boards/XilinxBoardStore/boards/Xilinx/vcu118/2.4/board.xml as part xcvu9p-flga2104-2l-e specified in board_part file is either invalid or not available
WARNING: [Board 49-26] cannot add Board Part xilinx.com:vcu128:part0:1.0 available at /home/yangfan/Xilinx/Vivado/2024.1/data/xhub/boards/XilinxBoardStore/boards/Xilinx/vcu128/production/1.0/board.xml as part xcvu37p-fsvh2892-2l-e specified in board_part file is either invalid or not available
WARNING: [Board 49-26] cannot add Board Part xilinx.com:vcu129:part0:1.0 available at /home/yangfan/Xilinx/Vivado/2024.1/data/xhub/boards/XilinxBoardStore/boards/Xilinx/vcu129/production/1.0/board.xml as part xcvu29p-fsga2577-2l-e specified in board_part file is either invalid or not available
WARNING: [Board 49-26] cannot add Board Part xilinx.com:vcu1525:part0:1.3 available at /home/yangfan/Xilinx/Vivado/2024.1/data/xhub/boards/XilinxBoardStore/boards/Xilinx/vcu1525/1.3/board.xml as part xcvu9p-fsgd2104-2l-e specified in board_part file is either invalid or not available
WARNING: [Board 49-26] cannot add Board Part xilinx.com:vek280:part0:1.0 available at /home/yangfan/Xilinx/Vivado/2024.1/data/xhub/boards/XilinxBoardStore/boards/Xilinx/vek280/production/1.0/board.xml as part xcve2802-vsvh1760-2mp-e-s specified in board_part file is either invalid or not available
WARNING: [Board 49-26] cannot add Board Part xilinx.com:vek280:part0:1.1 available at /home/yangfan/Xilinx/Vivado/2024.1/data/xhub/boards/XilinxBoardStore/boards/Xilinx/vek280/production/1.1/board.xml as part xcve2802-vsvh1760-2mp-e-s specified in board_part file is either invalid or not available
WARNING: [Board 49-26] cannot add Board Part xilinx.com:vek280:part0:1.2 available at /home/yangfan/Xilinx/Vivado/2024.1/data/xhub/boards/XilinxBoardStore/boards/Xilinx/vek280/production/1.2/board.xml as part xcve2802-vsvh1760-2mp-e-s specified in board_part file is either invalid or not available
WARNING: [Board 49-26] cannot add Board Part xilinx.com:vek280_es:part0:1.0 available at /home/yangfan/Xilinx/Vivado/2024.1/data/xhub/boards/XilinxBoardStore/boards/Xilinx/vek280/es/rev_a/1.0/board.xml as part xcve2802-vsvh1760-2lp-e-s-es1 specified in board_part file is either invalid or not available
WARNING: [Board 49-26] cannot add Board Part xilinx.com:vek280_es:part0:1.1 available at /home/yangfan/Xilinx/Vivado/2024.1/data/xhub/boards/XilinxBoardStore/boards/Xilinx/vek280/es/rev_a/1.1/board.xml as part xcve2802-vsvh1760-2lp-e-s-es1 specified in board_part file is either invalid or not available
WARNING: [Board 49-26] cannot add Board Part xilinx.com:vek280_es_revb:part0:1.0 available at /home/yangfan/Xilinx/Vivado/2024.1/data/xhub/boards/XilinxBoardStore/boards/Xilinx/vek280/es/rev_b/1.0/board.xml as part xcve2802-vsvh1760-2mp-e-s-es1 specified in board_part file is either invalid or not available
WARNING: [Board 49-26] cannot add Board Part xilinx.com:vek280_es_revb:part0:1.1 available at /home/yangfan/Xilinx/Vivado/2024.1/data/xhub/boards/XilinxBoardStore/boards/Xilinx/vek280/es/rev_b/1.1/board.xml as part xcve2802-vsvh1760-2mp-e-s-es1 specified in board_part file is either invalid or not available
WARNING: [Board 49-26] cannot add Board Part xilinx.com:vermeo_t1_mpsoc:part0:1.0 available at /home/yangfan/Xilinx/Vivado/2024.1/data/xhub/boards/XilinxBoardStore/boards/Xilinx/vermeo_t1_mpsoc/1.0/board.xml as part xczu19eg-ffvd1760-2l-e specified in board_part file is either invalid or not available
WARNING: [Board 49-26] cannot add Board Part xilinx.com:vermeo_t1_rfsoc:part0:1.0 available at /home/yangfan/Xilinx/Vivado/2024.1/data/xhub/boards/XilinxBoardStore/boards/Xilinx/vermeo_t1_rfsoc/1.0/board.xml as part xczu21dr-ffvd1156-2l-e specified in board_part file is either invalid or not available
WARNING: [Board 49-26] cannot add Board Part xilinx.com:vhk158:part0:1.0 available at /home/yangfan/Xilinx/Vivado/2024.1/data/xhub/boards/XilinxBoardStore/boards/Xilinx/vhk158/production/1.0/board.xml as part xcvh1582-vsva3697-2mp-e-s specified in board_part file is either invalid or not available
WARNING: [Board 49-26] cannot add Board Part xilinx.com:vhk158:part0:1.1 available at /home/yangfan/Xilinx/Vivado/2024.1/data/xhub/boards/XilinxBoardStore/boards/Xilinx/vhk158/production/1.1/board.xml as part xcvh1582-vsva3697-2mp-e-s specified in board_part file is either invalid or not available
WARNING: [Board 49-26] cannot add Board Part xilinx.com:vhk158_es:part0:1.0 available at /home/yangfan/Xilinx/Vivado/2024.1/data/xhub/boards/XilinxBoardStore/boards/Xilinx/vhk158/es/1.0/board.xml as part xcvh1582-vsva3697-2mp-e-s-es1 specified in board_part file is either invalid or not available
WARNING: [Board 49-26] cannot add Board Part xilinx.com:vhk158_es:part0:1.1 available at /home/yangfan/Xilinx/Vivado/2024.1/data/xhub/boards/XilinxBoardStore/boards/Xilinx/vhk158/es/1.1/board.xml as part xcvh1582-vsva3697-2mp-e-s-es1 specified in board_part file is either invalid or not available
WARNING: [Board 49-26] cannot add Board Part xilinx.com:vmk180:part0:2.2 available at /home/yangfan/Xilinx/Vivado/2024.1/data/xhub/boards/XilinxBoardStore/boards/Xilinx/vmk180/production/2.2/board.xml as part xcvm1802-vsva2197-2mp-e-s specified in board_part file is either invalid or not available
WARNING: [Board 49-26] cannot add Board Part xilinx.com:vmk180:part0:3.0 available at /home/yangfan/Xilinx/Vivado/2024.1/data/xhub/boards/XilinxBoardStore/boards/Xilinx/vmk180/production/3.0/board.xml as part xcvm1802-vsva2197-2mp-e-s specified in board_part file is either invalid or not available
WARNING: [Board 49-26] cannot add Board Part xilinx.com:vmk180:part0:3.1 available at /home/yangfan/Xilinx/Vivado/2024.1/data/xhub/boards/XilinxBoardStore/boards/Xilinx/vmk180/production/3.1/board.xml as part xcvm1802-vsva2197-2mp-e-s specified in board_part file is either invalid or not available
WARNING: [Board 49-26] cannot add Board Part xilinx.com:vmk180:part0:3.2 available at /home/yangfan/Xilinx/Vivado/2024.1/data/xhub/boards/XilinxBoardStore/boards/Xilinx/vmk180/production/3.2/board.xml as part xcvm1802-vsva2197-2mp-e-s specified in board_part file is either invalid or not available
WARNING: [Board 49-26] cannot add Board Part xilinx.com:vmk180_newl:part0:1.0 available at /home/yangfan/Xilinx/Vivado/2024.1/data/xhub/boards/XilinxBoardStore/boards/Xilinx/vmk180_newl/production/1.0/board.xml as part xcvm1802-vsva2197-2mp-e-s specified in board_part file is either invalid or not available
WARNING: [Board 49-26] cannot add Board Part xilinx.com:vmk180_newl:part0:1.1 available at /home/yangfan/Xilinx/Vivado/2024.1/data/xhub/boards/XilinxBoardStore/boards/Xilinx/vmk180_newl/production/1.1/board.xml as part xcvm1802-vsva2197-2mp-e-s specified in board_part file is either invalid or not available
WARNING: [Board 49-26] cannot add Board Part xilinx.com:vpk120:part0:1.0 available at /home/yangfan/Xilinx/Vivado/2024.1/data/xhub/boards/XilinxBoardStore/boards/Xilinx/vpk120/production/1.0/board.xml as part xcvp1202-vsva2785-2mp-e-s specified in board_part file is either invalid or not available
WARNING: [Board 49-26] cannot add Board Part xilinx.com:vpk120:part0:1.1 available at /home/yangfan/Xilinx/Vivado/2024.1/data/xhub/boards/XilinxBoardStore/boards/Xilinx/vpk120/production/1.1/board.xml as part xcvp1202-vsva2785-2mp-e-s specified in board_part file is either invalid or not available
WARNING: [Board 49-26] cannot add Board Part xilinx.com:vpk120:part0:1.2 available at /home/yangfan/Xilinx/Vivado/2024.1/data/xhub/boards/XilinxBoardStore/boards/Xilinx/vpk120/production/1.2/board.xml as part xcvp1202-vsva2785-2mp-e-s specified in board_part file is either invalid or not available
WARNING: [Board 49-26] cannot add Board Part xilinx.com:vpk180:part0:1.0 available at /home/yangfan/Xilinx/Vivado/2024.1/data/xhub/boards/XilinxBoardStore/boards/Xilinx/vpk180/production/1.0/board.xml as part xcvp1802-lsvc4072-2mp-e-s specified in board_part file is either invalid or not available
WARNING: [Board 49-26] cannot add Board Part xilinx.com:vpk180:part0:1.1 available at /home/yangfan/Xilinx/Vivado/2024.1/data/xhub/boards/XilinxBoardStore/boards/Xilinx/vpk180/production/1.1/board.xml as part xcvp1802-lsvc4072-2mp-e-s specified in board_part file is either invalid or not available
WARNING: [Board 49-26] cannot add Board Part xilinx.com:vpk180:part0:1.2 available at /home/yangfan/Xilinx/Vivado/2024.1/data/xhub/boards/XilinxBoardStore/boards/Xilinx/vpk180/production/1.2/board.xml as part xcvp1802-lsvc4072-2mp-e-s specified in board_part file is either invalid or not available
WARNING: [Board 49-26] cannot add Board Part xilinx.com:zc702:part0:1.4 available at /home/yangfan/Xilinx/Vivado/2024.1/data/xhub/boards/XilinxBoardStore/boards/Xilinx/zc702/1.4/board.xml as part xc7z020clg484-1 specified in board_part file is either invalid or not available
WARNING: [Board 49-26] cannot add Board Part xilinx.com:zc706:part0:1.4 available at /home/yangfan/Xilinx/Vivado/2024.1/data/xhub/boards/XilinxBoardStore/boards/Xilinx/zc706/1.4/board.xml as part xc7z045ffg900-2 specified in board_part file is either invalid or not available
WARNING: [Board 49-26] cannot add Board Part xilinx.com:zcu102:part0:3.3 available at /home/yangfan/Xilinx/Vivado/2024.1/data/xhub/boards/XilinxBoardStore/boards/Xilinx/zcu102/3.3/board.xml as part xczu9eg-ffvb1156-2-e specified in board_part file is either invalid or not available
WARNING: [Board 49-26] cannot add Board Part xilinx.com:zcu102:part0:3.4 available at /home/yangfan/Xilinx/Vivado/2024.1/data/xhub/boards/XilinxBoardStore/boards/Xilinx/zcu102/3.4/board.xml as part xczu9eg-ffvb1156-2-e specified in board_part file is either invalid or not available
WARNING: [Board 49-26] cannot add Board Part xilinx.com:zcu104:part0:1.1 available at /home/yangfan/Xilinx/Vivado/2024.1/data/xhub/boards/XilinxBoardStore/boards/Xilinx/zcu104/1.1/board.xml as part xczu7ev-ffvc1156-2-e specified in board_part file is either invalid or not available
WARNING: [Board 49-26] cannot add Board Part xilinx.com:zcu106:part0:2.4 available at /home/yangfan/Xilinx/Vivado/2024.1/data/xhub/boards/XilinxBoardStore/boards/Xilinx/zcu106/2.4/board.xml as part xczu7ev-ffvc1156-2-e specified in board_part file is either invalid or not available
WARNING: [Board 49-26] cannot add Board Part xilinx.com:zcu106:part0:2.5 available at /home/yangfan/Xilinx/Vivado/2024.1/data/xhub/boards/XilinxBoardStore/boards/Xilinx/zcu106/2.5/board.xml as part xczu7ev-ffvc1156-2-e specified in board_part file is either invalid or not available
WARNING: [Board 49-26] cannot add Board Part xilinx.com:zcu106:part0:2.6 available at /home/yangfan/Xilinx/Vivado/2024.1/data/xhub/boards/XilinxBoardStore/boards/Xilinx/zcu106/2.6/board.xml as part xczu7ev-ffvc1156-2-e specified in board_part file is either invalid or not available
WARNING: [Board 49-26] cannot add Board Part xilinx.com:zcu111:part0:1.2 available at /home/yangfan/Xilinx/Vivado/2024.1/data/xhub/boards/XilinxBoardStore/boards/Xilinx/zcu111/1.2/board.xml as part xczu28dr-ffvg1517-2-e specified in board_part file is either invalid or not available
WARNING: [Board 49-26] cannot add Board Part xilinx.com:zcu111:part0:1.3 available at /home/yangfan/Xilinx/Vivado/2024.1/data/xhub/boards/XilinxBoardStore/boards/Xilinx/zcu111/1.3/board.xml as part xczu28dr-ffvg1517-2-e specified in board_part file is either invalid or not available
WARNING: [Board 49-26] cannot add Board Part xilinx.com:zcu111:part0:1.4 available at /home/yangfan/Xilinx/Vivado/2024.1/data/xhub/boards/XilinxBoardStore/boards/Xilinx/zcu111/1.4/board.xml as part xczu28dr-ffvg1517-2-e specified in board_part file is either invalid or not available
WARNING: [Board 49-26] cannot add Board Part xilinx.com:zcu1275:part0:1.0 available at /home/yangfan/Xilinx/Vivado/2024.1/data/xhub/boards/XilinxBoardStore/boards/Xilinx/zcu1275/1.0/board.xml as part xczu29dr-ffvf1760-2-e specified in board_part file is either invalid or not available
WARNING: [Board 49-26] cannot add Board Part xilinx.com:zcu1285:part0:1.0 available at /home/yangfan/Xilinx/Vivado/2024.1/data/xhub/boards/XilinxBoardStore/boards/Xilinx/zcu1285/1.0/board.xml as part xczu39dr-ffvf1760-2-i specified in board_part file is either invalid or not available
WARNING: [Board 49-26] cannot add Board Part xilinx.com:zcu208:part0:2.0 available at /home/yangfan/Xilinx/Vivado/2024.1/data/xhub/boards/XilinxBoardStore/boards/Xilinx/zcu208/production/2.0/board.xml as part xczu48dr-fsvg1517-2-e specified in board_part file is either invalid or not available
WARNING: [Board 49-26] cannot add Board Part xilinx.com:zcu208ld:part0:2.0 available at /home/yangfan/Xilinx/Vivado/2024.1/data/xhub/boards/XilinxBoardStore/boards/Xilinx/zcu208ld/production/2.0/board.xml as part xczu58dr-fsvg1517-2-i specified in board_part file is either invalid or not available
WARNING: [Board 49-26] cannot add Board Part xilinx.com:zcu216:part0:2.0 available at /home/yangfan/Xilinx/Vivado/2024.1/data/xhub/boards/XilinxBoardStore/boards/Xilinx/zcu216/production/2.0/board.xml as part xczu49dr-ffvf1760-2-e specified in board_part file is either invalid or not available
WARNING: [Board 49-26] cannot add Board Part xilinx.com:zcu216ld:part0:2.0 available at /home/yangfan/Xilinx/Vivado/2024.1/data/xhub/boards/XilinxBoardStore/boards/Xilinx/zcu216ld/production/2.0/board.xml as part xczu59dr-ffvf1760-2-i specified in board_part file is either invalid or not available
WARNING: [Board 49-26] cannot add Board Part xilinx.com:zcu670:part0:2.0 available at /home/yangfan/Xilinx/Vivado/2024.1/data/xhub/boards/XilinxBoardStore/boards/Xilinx/zcu670/2.0/board.xml as part xczu67dr-fsve1156-2-i specified in board_part file is either invalid or not available
WARNING: [Board 49-26] cannot add Board Part xilinx.com:zcu670ld:part0:1.0 available at /home/yangfan/Xilinx/Vivado/2024.1/data/xhub/boards/XilinxBoardStore/boards/Xilinx/zcu670ld/1.0/board.xml as part xczu57dr-fsve1156-2-i specified in board_part file is either invalid or not available
INFO: [Common 17-41] Interrupt caught. Command should exit soon.
INFO: [Common 17-344] 'open_project' was cancelled
open_project /home/yangfan/Desktop/Columbia/2025Spring/Projects/microgpu/tiniest-gpu/fpga/xilinx/full/full.xpr
INFO: [Project 1-313] Project file moved from '/home/yangfan/Desktop/Columbia/2025Spring/Projects/tiniest-gpu/xilinx/full' since last save.
WARNING: [Project 1-312] File not found as '/home/yangfan/Desktop/Columbia/2025Spring/Projects/microgpu/tiniest-gpu/fpga/rtl/baud_rate_generator.v'; using path '/home/yangfan/Desktop/Columbia/2025Spring/Projects/tiniest-gpu/rtl/baud_rate_generator.v' instead.
WARNING: [Project 1-312] File not found as '/home/yangfan/Desktop/Columbia/2025Spring/Projects/microgpu/tiniest-gpu/fpga/rtl/bitmap_rom_ddct.v'; using path '/home/yangfan/Desktop/Columbia/2025Spring/Projects/tiniest-gpu/rtl/bitmap_rom_ddct.v' instead.
WARNING: [Project 1-312] File not found as '/home/yangfan/Desktop/Columbia/2025Spring/Projects/microgpu/tiniest-gpu/fpga/rtl/bitmap_rom_sk.v'; using path '/home/yangfan/Desktop/Columbia/2025Spring/Projects/tiniest-gpu/rtl/bitmap_rom_sk.v' instead.
WARNING: [Project 1-312] File not found as '/home/yangfan/Desktop/Columbia/2025Spring/Projects/microgpu/tiniest-gpu/fpga/rtl/div.v'; using path '/home/yangfan/Desktop/Columbia/2025Spring/Projects/tiniest-gpu/rtl/div.v' instead.
WARNING: [Project 1-312] File not found as '/home/yangfan/Desktop/Columbia/2025Spring/Projects/microgpu/tiniest-gpu/fpga/rtl/dot4.v'; using path '/home/yangfan/Desktop/Columbia/2025Spring/Projects/tiniest-gpu/rtl/dot4.v' instead.
WARNING: [Project 1-312] File not found as '/home/yangfan/Desktop/Columbia/2025Spring/Projects/microgpu/tiniest-gpu/fpga/rtl/ia.v'; using path '/home/yangfan/Desktop/Columbia/2025Spring/Projects/tiniest-gpu/rtl/ia.v' instead.
WARNING: [Project 1-312] File not found as '/home/yangfan/Desktop/Columbia/2025Spring/Projects/microgpu/tiniest-gpu/fpga/rtl/project.v'; using path '/home/yangfan/Desktop/Columbia/2025Spring/Projects/tiniest-gpu/rtl/project.v' instead.
WARNING: [Project 1-312] File not found as '/home/yangfan/Desktop/Columbia/2025Spring/Projects/microgpu/tiniest-gpu/fpga/rtl/raster.v'; using path '/home/yangfan/Desktop/Columbia/2025Spring/Projects/tiniest-gpu/rtl/raster.v' instead.
WARNING: [Project 1-312] File not found as '/home/yangfan/Desktop/Columbia/2025Spring/Projects/microgpu/tiniest-gpu/fpga/rtl/slowmpy.v'; using path '/home/yangfan/Desktop/Columbia/2025Spring/Projects/tiniest-gpu/rtl/slowmpy.v' instead.
WARNING: [Project 1-312] File not found as '/home/yangfan/Desktop/Columbia/2025Spring/Projects/microgpu/tiniest-gpu/fpga/rtl/uart_receiver.v'; using path '/home/yangfan/Desktop/Columbia/2025Spring/Projects/tiniest-gpu/rtl/uart_receiver.v' instead.
WARNING: [Project 1-312] File not found as '/home/yangfan/Desktop/Columbia/2025Spring/Projects/microgpu/tiniest-gpu/fpga/rtl/uart_top.v'; using path '/home/yangfan/Desktop/Columbia/2025Spring/Projects/tiniest-gpu/rtl/uart_top.v' instead.
WARNING: [Project 1-312] File not found as '/home/yangfan/Desktop/Columbia/2025Spring/Projects/microgpu/tiniest-gpu/fpga/rtl/vga.v'; using path '/home/yangfan/Desktop/Columbia/2025Spring/Projects/tiniest-gpu/rtl/vga.v' instead.
WARNING: [Project 1-312] File not found as '/home/yangfan/Desktop/Columbia/2025Spring/Projects/microgpu/tiniest-gpu/fpga/rtl/vs.v'; using path '/home/yangfan/Desktop/Columbia/2025Spring/Projects/tiniest-gpu/rtl/vs.v' instead.
WARNING: [Project 1-312] File not found as '/home/yangfan/Desktop/Columbia/2025Spring/Projects/microgpu/tiniest-gpu/fpga/rtl/bitmap_rom_tt.v'; using path '/home/yangfan/Desktop/Columbia/2025Spring/Projects/tiniest-gpu/rtl/bitmap_rom_tt.v' instead.
Scanning sources...
Finished scanning sources
WARNING: [Project 1-312] File not found as '/home/yangfan/Desktop/Columbia/2025Spring/Projects/microgpu/tiniest-gpu/fpga/rtl/baud_rate_generator.v'; using path '/home/yangfan/Desktop/Columbia/2025Spring/Projects/tiniest-gpu/rtl/baud_rate_generator.v' instead.
WARNING: [Project 1-312] File not found as '/home/yangfan/Desktop/Columbia/2025Spring/Projects/microgpu/tiniest-gpu/fpga/rtl/bitmap_rom_ddct.v'; using path '/home/yangfan/Desktop/Columbia/2025Spring/Projects/tiniest-gpu/rtl/bitmap_rom_ddct.v' instead.
WARNING: [Project 1-312] File not found as '/home/yangfan/Desktop/Columbia/2025Spring/Projects/microgpu/tiniest-gpu/fpga/rtl/bitmap_rom_sk.v'; using path '/home/yangfan/Desktop/Columbia/2025Spring/Projects/tiniest-gpu/rtl/bitmap_rom_sk.v' instead.
WARNING: [Project 1-312] File not found as '/home/yangfan/Desktop/Columbia/2025Spring/Projects/microgpu/tiniest-gpu/fpga/rtl/div.v'; using path '/home/yangfan/Desktop/Columbia/2025Spring/Projects/tiniest-gpu/rtl/div.v' instead.
WARNING: [Project 1-312] File not found as '/home/yangfan/Desktop/Columbia/2025Spring/Projects/microgpu/tiniest-gpu/fpga/rtl/dot4.v'; using path '/home/yangfan/Desktop/Columbia/2025Spring/Projects/tiniest-gpu/rtl/dot4.v' instead.
WARNING: [Project 1-312] File not found as '/home/yangfan/Desktop/Columbia/2025Spring/Projects/microgpu/tiniest-gpu/fpga/rtl/ia.v'; using path '/home/yangfan/Desktop/Columbia/2025Spring/Projects/tiniest-gpu/rtl/ia.v' instead.
WARNING: [Project 1-312] File not found as '/home/yangfan/Desktop/Columbia/2025Spring/Projects/microgpu/tiniest-gpu/fpga/rtl/project.v'; using path '/home/yangfan/Desktop/Columbia/2025Spring/Projects/tiniest-gpu/rtl/project.v' instead.
WARNING: [Project 1-312] File not found as '/home/yangfan/Desktop/Columbia/2025Spring/Projects/microgpu/tiniest-gpu/fpga/rtl/raster.v'; using path '/home/yangfan/Desktop/Columbia/2025Spring/Projects/tiniest-gpu/rtl/raster.v' instead.
WARNING: [Project 1-312] File not found as '/home/yangfan/Desktop/Columbia/2025Spring/Projects/microgpu/tiniest-gpu/fpga/rtl/slowmpy.v'; using path '/home/yangfan/Desktop/Columbia/2025Spring/Projects/tiniest-gpu/rtl/slowmpy.v' instead.
WARNING: [Project 1-312] File not found as '/home/yangfan/Desktop/Columbia/2025Spring/Projects/microgpu/tiniest-gpu/fpga/rtl/uart_receiver.v'; using path '/home/yangfan/Desktop/Columbia/2025Spring/Projects/tiniest-gpu/rtl/uart_receiver.v' instead.
WARNING: [Project 1-312] File not found as '/home/yangfan/Desktop/Columbia/2025Spring/Projects/microgpu/tiniest-gpu/fpga/rtl/uart_top.v'; using path '/home/yangfan/Desktop/Columbia/2025Spring/Projects/tiniest-gpu/rtl/uart_top.v' instead.
WARNING: [Project 1-312] File not found as '/home/yangfan/Desktop/Columbia/2025Spring/Projects/microgpu/tiniest-gpu/fpga/rtl/vga.v'; using path '/home/yangfan/Desktop/Columbia/2025Spring/Projects/tiniest-gpu/rtl/vga.v' instead.
WARNING: [Project 1-312] File not found as '/home/yangfan/Desktop/Columbia/2025Spring/Projects/microgpu/tiniest-gpu/fpga/rtl/vs.v'; using path '/home/yangfan/Desktop/Columbia/2025Spring/Projects/tiniest-gpu/rtl/vs.v' instead.
WARNING: [Project 1-312] File not found as '/home/yangfan/Desktop/Columbia/2025Spring/Projects/microgpu/tiniest-gpu/fpga/rtl/bitmap_rom_tt.v'; using path '/home/yangfan/Desktop/Columbia/2025Spring/Projects/tiniest-gpu/rtl/bitmap_rom_tt.v' instead.
WARNING: [Project 1-312] File not found as '/home/yangfan/Desktop/Columbia/2025Spring/Projects/microgpu/tiniest-gpu/fpga/rtl/baud_rate_generator.v'; using path '/home/yangfan/Desktop/Columbia/2025Spring/Projects/tiniest-gpu/rtl/baud_rate_generator.v' instead.
WARNING: [Project 1-312] File not found as '/home/yangfan/Desktop/Columbia/2025Spring/Projects/microgpu/tiniest-gpu/fpga/rtl/bitmap_rom_ddct.v'; using path '/home/yangfan/Desktop/Columbia/2025Spring/Projects/tiniest-gpu/rtl/bitmap_rom_ddct.v' instead.
WARNING: [Project 1-312] File not found as '/home/yangfan/Desktop/Columbia/2025Spring/Projects/microgpu/tiniest-gpu/fpga/rtl/bitmap_rom_sk.v'; using path '/home/yangfan/Desktop/Columbia/2025Spring/Projects/tiniest-gpu/rtl/bitmap_rom_sk.v' instead.
WARNING: [Project 1-312] File not found as '/home/yangfan/Desktop/Columbia/2025Spring/Projects/microgpu/tiniest-gpu/fpga/rtl/div.v'; using path '/home/yangfan/Desktop/Columbia/2025Spring/Projects/tiniest-gpu/rtl/div.v' instead.
WARNING: [Project 1-312] File not found as '/home/yangfan/Desktop/Columbia/2025Spring/Projects/microgpu/tiniest-gpu/fpga/rtl/dot4.v'; using path '/home/yangfan/Desktop/Columbia/2025Spring/Projects/tiniest-gpu/rtl/dot4.v' instead.
WARNING: [Project 1-312] File not found as '/home/yangfan/Desktop/Columbia/2025Spring/Projects/microgpu/tiniest-gpu/fpga/rtl/ia.v'; using path '/home/yangfan/Desktop/Columbia/2025Spring/Projects/tiniest-gpu/rtl/ia.v' instead.
WARNING: [Project 1-312] File not found as '/home/yangfan/Desktop/Columbia/2025Spring/Projects/microgpu/tiniest-gpu/fpga/rtl/project.v'; using path '/home/yangfan/Desktop/Columbia/2025Spring/Projects/tiniest-gpu/rtl/project.v' instead.
WARNING: [Project 1-312] File not found as '/home/yangfan/Desktop/Columbia/2025Spring/Projects/microgpu/tiniest-gpu/fpga/rtl/raster.v'; using path '/home/yangfan/Desktop/Columbia/2025Spring/Projects/tiniest-gpu/rtl/raster.v' instead.
WARNING: [Project 1-312] File not found as '/home/yangfan/Desktop/Columbia/2025Spring/Projects/microgpu/tiniest-gpu/fpga/rtl/slowmpy.v'; using path '/home/yangfan/Desktop/Columbia/2025Spring/Projects/tiniest-gpu/rtl/slowmpy.v' instead.
WARNING: [Project 1-312] File not found as '/home/yangfan/Desktop/Columbia/2025Spring/Projects/microgpu/tiniest-gpu/fpga/rtl/uart_receiver.v'; using path '/home/yangfan/Desktop/Columbia/2025Spring/Projects/tiniest-gpu/rtl/uart_receiver.v' instead.
WARNING: [Project 1-312] File not found as '/home/yangfan/Desktop/Columbia/2025Spring/Projects/microgpu/tiniest-gpu/fpga/rtl/uart_top.v'; using path '/home/yangfan/Desktop/Columbia/2025Spring/Projects/tiniest-gpu/rtl/uart_top.v' instead.
WARNING: [Project 1-312] File not found as '/home/yangfan/Desktop/Columbia/2025Spring/Projects/microgpu/tiniest-gpu/fpga/rtl/vga.v'; using path '/home/yangfan/Desktop/Columbia/2025Spring/Projects/tiniest-gpu/rtl/vga.v' instead.
WARNING: [Project 1-312] File not found as '/home/yangfan/Desktop/Columbia/2025Spring/Projects/microgpu/tiniest-gpu/fpga/rtl/vs.v'; using path '/home/yangfan/Desktop/Columbia/2025Spring/Projects/tiniest-gpu/rtl/vs.v' instead.
WARNING: [Project 1-312] File not found as '/home/yangfan/Desktop/Columbia/2025Spring/Projects/microgpu/tiniest-gpu/fpga/rtl/bitmap_rom_tt.v'; using path '/home/yangfan/Desktop/Columbia/2025Spring/Projects/tiniest-gpu/rtl/bitmap_rom_tt.v' instead.
INFO: [IP_Flow 19-234] Refreshing IP repositories
INFO: [IP_Flow 19-1704] No user IP repositories specified
INFO: [IP_Flow 19-2313] Loaded Vivado IP repository '/home/yangfan/Xilinx/Vivado/2024.1/data/ip'.
update_compile_order -fileset sources_1
export_ip_user_files -of_objects  [get_files /home/yangfan/Desktop/Columbia/2025Spring/Projects/tiniest-gpu/rtl/baud_rate_generator.v] -no_script -reset -force -quiet
export_ip_user_files -of_objects  [get_files /home/yangfan/Desktop/Columbia/2025Spring/Projects/tiniest-gpu/rtl/bitmap_rom_ddct.v] -no_script -reset -force -quiet
export_ip_user_files -of_objects  [get_files /home/yangfan/Desktop/Columbia/2025Spring/Projects/tiniest-gpu/rtl/bitmap_rom_sk.v] -no_script -reset -force -quiet
export_ip_user_files -of_objects  [get_files /home/yangfan/Desktop/Columbia/2025Spring/Projects/tiniest-gpu/rtl/div.v] -no_script -reset -force -quiet
export_ip_user_files -of_objects  [get_files /home/yangfan/Desktop/Columbia/2025Spring/Projects/tiniest-gpu/rtl/dot4.v] -no_script -reset -force -quiet
export_ip_user_files -of_objects  [get_files /home/yangfan/Desktop/Columbia/2025Spring/Projects/tiniest-gpu/rtl/ia.v] -no_script -reset -force -quiet
export_ip_user_files -of_objects  [get_files /home/yangfan/Desktop/Columbia/2025Spring/Projects/tiniest-gpu/rtl/project.v] -no_script -reset -force -quiet
export_ip_user_files -of_objects  [get_files /home/yangfan/Desktop/Columbia/2025Spring/Projects/tiniest-gpu/rtl/raster.v] -no_script -reset -force -quiet
export_ip_user_files -of_objects  [get_files /home/yangfan/Desktop/Columbia/2025Spring/Projects/tiniest-gpu/rtl/slowmpy.v] -no_script -reset -force -quiet
export_ip_user_files -of_objects  [get_files /home/yangfan/Desktop/Columbia/2025Spring/Projects/tiniest-gpu/rtl/uart_receiver.v] -no_script -reset -force -quiet
export_ip_user_files -of_objects  [get_files /home/yangfan/Desktop/Columbia/2025Spring/Projects/tiniest-gpu/rtl/uart_top.v] -no_script -reset -force -quiet
export_ip_user_files -of_objects  [get_files /home/yangfan/Desktop/Columbia/2025Spring/Projects/tiniest-gpu/rtl/vga.v] -no_script -reset -force -quiet
export_ip_user_files -of_objects  [get_files /home/yangfan/Desktop/Columbia/2025Spring/Projects/tiniest-gpu/rtl/vs.v] -no_script -reset -force -quiet
remove_files  {/home/yangfan/Desktop/Columbia/2025Spring/Projects/tiniest-gpu/rtl/baud_rate_generator.v /home/yangfan/Desktop/Columbia/2025Spring/Projects/tiniest-gpu/rtl/bitmap_rom_ddct.v /home/yangfan/Desktop/Columbia/2025Spring/Projects/tiniest-gpu/rtl/bitmap_rom_sk.v /home/yangfan/Desktop/Columbia/2025Spring/Projects/tiniest-gpu/rtl/div.v /home/yangfan/Desktop/Columbia/2025Spring/Projects/tiniest-gpu/rtl/dot4.v /home/yangfan/Desktop/Columbia/2025Spring/Projects/tiniest-gpu/rtl/ia.v /home/yangfan/Desktop/Columbia/2025Spring/Projects/tiniest-gpu/rtl/project.v /home/yangfan/Desktop/Columbia/2025Spring/Projects/tiniest-gpu/rtl/raster.v /home/yangfan/Desktop/Columbia/2025Spring/Projects/tiniest-gpu/rtl/slowmpy.v /home/yangfan/Desktop/Columbia/2025Spring/Projects/tiniest-gpu/rtl/uart_receiver.v /home/yangfan/Desktop/Columbia/2025Spring/Projects/tiniest-gpu/rtl/uart_top.v /home/yangfan/Desktop/Columbia/2025Spring/Projects/tiniest-gpu/rtl/vga.v /home/yangfan/Desktop/Columbia/2025Spring/Projects/tiniest-gpu/rtl/vs.v}
add_files -norecurse -scan_for_includes {/home/yangfan/Desktop/Columbia/2025Spring/Projects/microgpu/tiniest-gpu/rtl/clk_20MHz/bitmap_rom_tt.v /home/yangfan/Desktop/Columbia/2025Spring/Projects/microgpu/tiniest-gpu/rtl/clk_20MHz/raster.v /home/yangfan/Desktop/Columbia/2025Spring/Projects/microgpu/tiniest-gpu/rtl/clk_20MHz/bitmap_rom_ddct.v /home/yangfan/Desktop/Columbia/2025Spring/Projects/microgpu/tiniest-gpu/rtl/clk_20MHz/ia.v /home/yangfan/Desktop/Columbia/2025Spring/Projects/microgpu/tiniest-gpu/rtl/clk_20MHz/div.v /home/yangfan/Desktop/Columbia/2025Spring/Projects/microgpu/tiniest-gpu/rtl/clk_20MHz/baud_rate_generator.v /home/yangfan/Desktop/Columbia/2025Spring/Projects/microgpu/tiniest-gpu/rtl/clk_20MHz/vga.v /home/yangfan/Desktop/Columbia/2025Spring/Projects/microgpu/tiniest-gpu/rtl/clk_20MHz/vs.v /home/yangfan/Desktop/Columbia/2025Spring/Projects/microgpu/tiniest-gpu/rtl/clk_20MHz/slowmpy.v /home/yangfan/Desktop/Columbia/2025Spring/Projects/microgpu/tiniest-gpu/rtl/clk_20MHz/uart_receiver.v /home/yangfan/Desktop/Columbia/2025Spring/Projects/microgpu/tiniest-gpu/rtl/clk_20MHz/bitmap_rom_sk.v /home/yangfan/Desktop/Columbia/2025Spring/Projects/microgpu/tiniest-gpu/rtl/clk_20MHz/dot4.v /home/yangfan/Desktop/Columbia/2025Spring/Projects/microgpu/tiniest-gpu/rtl/clk_20MHz/uart_top.v /home/yangfan/Desktop/Columbia/2025Spring/Projects/microgpu/tiniest-gpu/rtl/clk_20MHz/project.v}
update_compile_order -fileset sources_1
INFO: [Device 21-403] Loading part xc7a35ticpg236-1L
INFO: [Device 21-9227] Part: xc7a35ticpg236-1L does not have CEAM library.
set_property -dict [list \
  CONFIG.CLKOUT2_JITTER {183.243} \
  CONFIG.CLKOUT2_PHASE_ERROR {98.575} \
  CONFIG.CLKOUT2_REQUESTED_OUT_FREQ {20} \
  CONFIG.CLKOUT2_USED {true} \
  CONFIG.CLK_OUT2_PORT {clk_20} \
  CONFIG.MMCM_CLKOUT1_DIVIDE {50} \
  CONFIG.NUM_OUT_CLKS {2} \
] [get_ips clk_wiz_0]
generate_target all [get_files  /home/yangfan/Desktop/Columbia/2025Spring/Projects/microgpu/tiniest-gpu/fpga/xilinx/full/full.srcs/sources_1/ip/clk_wiz_0/clk_wiz_0.xci]
INFO: [IP_Flow 19-1686] Generating 'Instantiation Template' target for IP 'clk_wiz_0'...
INFO: [IP_Flow 19-1686] Generating 'Synthesis' target for IP 'clk_wiz_0'...
INFO: [IP_Flow 19-1686] Generating 'Simulation' target for IP 'clk_wiz_0'...
INFO: [IP_Flow 19-1686] Generating 'Implementation' target for IP 'clk_wiz_0'...
INFO: [IP_Flow 19-1686] Generating 'Change Log' target for IP 'clk_wiz_0'...
catch { config_ip_cache -export [get_ips -all clk_wiz_0] }
INFO: [IP_Flow 19-6924] IPCACHE: Running cache check for IP inst: clk_wiz_0
export_ip_user_files -of_objects [get_files /home/yangfan/Desktop/Columbia/2025Spring/Projects/microgpu/tiniest-gpu/fpga/xilinx/full/full.srcs/sources_1/ip/clk_wiz_0/clk_wiz_0.xci] -no_script -sync -force -quiet
reset_run clk_wiz_0_synth_1
launch_runs clk_wiz_0_synth_1 -jobs 8
INFO: [IP_Flow 19-6924] IPCACHE: Running cache check for IP inst: clk_wiz_0
[Thu Feb  6 23:47:05 2025] Launched clk_wiz_0_synth_1...
Run output will be captured here: /home/yangfan/Desktop/Columbia/2025Spring/Projects/microgpu/tiniest-gpu/fpga/xilinx/full/full.runs/clk_wiz_0_synth_1/runme.log
export_simulation -of_objects [get_files /home/yangfan/Desktop/Columbia/2025Spring/Projects/microgpu/tiniest-gpu/fpga/xilinx/full/full.srcs/sources_1/ip/clk_wiz_0/clk_wiz_0.xci] -directory /home/yangfan/Desktop/Columbia/2025Spring/Projects/microgpu/tiniest-gpu/fpga/xilinx/full/full.ip_user_files/sim_scripts -ip_user_files_dir /home/yangfan/Desktop/Columbia/2025Spring/Projects/microgpu/tiniest-gpu/fpga/xilinx/full/full.ip_user_files -ipstatic_source_dir /home/yangfan/Desktop/Columbia/2025Spring/Projects/microgpu/tiniest-gpu/fpga/xilinx/full/full.ip_user_files/ipstatic -lib_map_path [list {modelsim=/home/yangfan/Desktop/Columbia/2025Spring/Projects/microgpu/tiniest-gpu/fpga/xilinx/full/full.cache/compile_simlib/modelsim} {questa=/home/yangfan/Desktop/Columbia/2025Spring/Projects/microgpu/tiniest-gpu/fpga/xilinx/full/full.cache/compile_simlib/questa} {xcelium=/home/yangfan/Desktop/Columbia/2025Spring/Projects/microgpu/tiniest-gpu/fpga/xilinx/full/full.cache/compile_simlib/xcelium} {vcs=/home/yangfan/Desktop/Columbia/2025Spring/Projects/microgpu/tiniest-gpu/fpga/xilinx/full/full.cache/compile_simlib/vcs} {riviera=/home/yangfan/Desktop/Columbia/2025Spring/Projects/microgpu/tiniest-gpu/fpga/xilinx/full/full.cache/compile_simlib/riviera}] -use_ip_compiled_libs -force -quiet
set_property -dict [list \
  CONFIG.CLKOUT2_JITTER {159.371} \
  CONFIG.CLKOUT2_REQUESTED_OUT_FREQ {40} \
  CONFIG.CLK_OUT2_PORT {clk_40} \
  CONFIG.MMCM_CLKOUT1_DIVIDE {25} \
] [get_ips clk_wiz_0]
generate_target all [get_files  /home/yangfan/Desktop/Columbia/2025Spring/Projects/microgpu/tiniest-gpu/fpga/xilinx/full/full.srcs/sources_1/ip/clk_wiz_0/clk_wiz_0.xci]
INFO: [IP_Flow 19-1686] Generating 'Instantiation Template' target for IP 'clk_wiz_0'...
INFO: [IP_Flow 19-1686] Generating 'Synthesis' target for IP 'clk_wiz_0'...
INFO: [IP_Flow 19-1686] Generating 'Simulation' target for IP 'clk_wiz_0'...
INFO: [IP_Flow 19-1686] Generating 'Implementation' target for IP 'clk_wiz_0'...
INFO: [IP_Flow 19-1686] Generating 'Change Log' target for IP 'clk_wiz_0'...
catch { config_ip_cache -export [get_ips -all clk_wiz_0] }
INFO: [IP_Flow 19-6924] IPCACHE: Running cache check for IP inst: clk_wiz_0
export_ip_user_files -of_objects [get_files /home/yangfan/Desktop/Columbia/2025Spring/Projects/microgpu/tiniest-gpu/fpga/xilinx/full/full.srcs/sources_1/ip/clk_wiz_0/clk_wiz_0.xci] -no_script -sync -force -quiet
reset_run clk_wiz_0_synth_1
launch_runs clk_wiz_0_synth_1 -jobs 8
INFO: [IP_Flow 19-6924] IPCACHE: Running cache check for IP inst: clk_wiz_0
[Thu Feb  6 23:49:39 2025] Launched clk_wiz_0_synth_1...
Run output will be captured here: /home/yangfan/Desktop/Columbia/2025Spring/Projects/microgpu/tiniest-gpu/fpga/xilinx/full/full.runs/clk_wiz_0_synth_1/runme.log
export_simulation -of_objects [get_files /home/yangfan/Desktop/Columbia/2025Spring/Projects/microgpu/tiniest-gpu/fpga/xilinx/full/full.srcs/sources_1/ip/clk_wiz_0/clk_wiz_0.xci] -directory /home/yangfan/Desktop/Columbia/2025Spring/Projects/microgpu/tiniest-gpu/fpga/xilinx/full/full.ip_user_files/sim_scripts -ip_user_files_dir /home/yangfan/Desktop/Columbia/2025Spring/Projects/microgpu/tiniest-gpu/fpga/xilinx/full/full.ip_user_files -ipstatic_source_dir /home/yangfan/Desktop/Columbia/2025Spring/Projects/microgpu/tiniest-gpu/fpga/xilinx/full/full.ip_user_files/ipstatic -lib_map_path [list {modelsim=/home/yangfan/Desktop/Columbia/2025Spring/Projects/microgpu/tiniest-gpu/fpga/xilinx/full/full.cache/compile_simlib/modelsim} {questa=/home/yangfan/Desktop/Columbia/2025Spring/Projects/microgpu/tiniest-gpu/fpga/xilinx/full/full.cache/compile_simlib/questa} {xcelium=/home/yangfan/Desktop/Columbia/2025Spring/Projects/microgpu/tiniest-gpu/fpga/xilinx/full/full.cache/compile_simlib/xcelium} {vcs=/home/yangfan/Desktop/Columbia/2025Spring/Projects/microgpu/tiniest-gpu/fpga/xilinx/full/full.cache/compile_simlib/vcs} {riviera=/home/yangfan/Desktop/Columbia/2025Spring/Projects/microgpu/tiniest-gpu/fpga/xilinx/full/full.cache/compile_simlib/riviera}] -use_ip_compiled_libs -force -quiet
export_ip_user_files -of_objects  [get_files /home/yangfan/Desktop/Columbia/2025Spring/Projects/microgpu/tiniest-gpu/rtl/clk_20MHz/baud_rate_generator.v] -no_script -reset -force -quiet
export_ip_user_files -of_objects  [get_files /home/yangfan/Desktop/Columbia/2025Spring/Projects/microgpu/tiniest-gpu/rtl/clk_20MHz/bitmap_rom_ddct.v] -no_script -reset -force -quiet
export_ip_user_files -of_objects  [get_files /home/yangfan/Desktop/Columbia/2025Spring/Projects/microgpu/tiniest-gpu/rtl/clk_20MHz/bitmap_rom_sk.v] -no_script -reset -force -quiet
export_ip_user_files -of_objects  [get_files /home/yangfan/Desktop/Columbia/2025Spring/Projects/microgpu/tiniest-gpu/rtl/clk_20MHz/div.v] -no_script -reset -force -quiet
export_ip_user_files -of_objects  [get_files /home/yangfan/Desktop/Columbia/2025Spring/Projects/microgpu/tiniest-gpu/rtl/clk_20MHz/dot4.v] -no_script -reset -force -quiet
export_ip_user_files -of_objects  [get_files /home/yangfan/Desktop/Columbia/2025Spring/Projects/microgpu/tiniest-gpu/rtl/clk_20MHz/ia.v] -no_script -reset -force -quiet
export_ip_user_files -of_objects  [get_files /home/yangfan/Desktop/Columbia/2025Spring/Projects/microgpu/tiniest-gpu/rtl/clk_20MHz/project.v] -no_script -reset -force -quiet
export_ip_user_files -of_objects  [get_files /home/yangfan/Desktop/Columbia/2025Spring/Projects/microgpu/tiniest-gpu/rtl/clk_20MHz/raster.v] -no_script -reset -force -quiet
export_ip_user_files -of_objects  [get_files /home/yangfan/Desktop/Columbia/2025Spring/Projects/microgpu/tiniest-gpu/rtl/clk_20MHz/slowmpy.v] -no_script -reset -force -quiet
export_ip_user_files -of_objects  [get_files /home/yangfan/Desktop/Columbia/2025Spring/Projects/microgpu/tiniest-gpu/rtl/clk_20MHz/uart_receiver.v] -no_script -reset -force -quiet
export_ip_user_files -of_objects  [get_files /home/yangfan/Desktop/Columbia/2025Spring/Projects/microgpu/tiniest-gpu/rtl/clk_20MHz/uart_top.v] -no_script -reset -force -quiet
export_ip_user_files -of_objects  [get_files /home/yangfan/Desktop/Columbia/2025Spring/Projects/microgpu/tiniest-gpu/rtl/clk_20MHz/vga.v] -no_script -reset -force -quiet
export_ip_user_files -of_objects  [get_files /home/yangfan/Desktop/Columbia/2025Spring/Projects/microgpu/tiniest-gpu/rtl/clk_20MHz/vs.v] -no_script -reset -force -quiet
remove_files  {/home/yangfan/Desktop/Columbia/2025Spring/Projects/microgpu/tiniest-gpu/rtl/clk_20MHz/baud_rate_generator.v /home/yangfan/Desktop/Columbia/2025Spring/Projects/microgpu/tiniest-gpu/rtl/clk_20MHz/bitmap_rom_ddct.v /home/yangfan/Desktop/Columbia/2025Spring/Projects/microgpu/tiniest-gpu/rtl/clk_20MHz/bitmap_rom_sk.v /home/yangfan/Desktop/Columbia/2025Spring/Projects/microgpu/tiniest-gpu/rtl/clk_20MHz/div.v /home/yangfan/Desktop/Columbia/2025Spring/Projects/microgpu/tiniest-gpu/rtl/clk_20MHz/dot4.v /home/yangfan/Desktop/Columbia/2025Spring/Projects/microgpu/tiniest-gpu/rtl/clk_20MHz/ia.v /home/yangfan/Desktop/Columbia/2025Spring/Projects/microgpu/tiniest-gpu/rtl/clk_20MHz/project.v /home/yangfan/Desktop/Columbia/2025Spring/Projects/microgpu/tiniest-gpu/rtl/clk_20MHz/raster.v /home/yangfan/Desktop/Columbia/2025Spring/Projects/microgpu/tiniest-gpu/rtl/clk_20MHz/slowmpy.v /home/yangfan/Desktop/Columbia/2025Spring/Projects/microgpu/tiniest-gpu/rtl/clk_20MHz/uart_receiver.v /home/yangfan/Desktop/Columbia/2025Spring/Projects/microgpu/tiniest-gpu/rtl/clk_20MHz/uart_top.v /home/yangfan/Desktop/Columbia/2025Spring/Projects/microgpu/tiniest-gpu/rtl/clk_20MHz/vga.v /home/yangfan/Desktop/Columbia/2025Spring/Projects/microgpu/tiniest-gpu/rtl/clk_20MHz/vs.v}
add_files -scan_for_includes {/home/yangfan/Desktop/Columbia/2025Spring/Projects/microgpu/tiniest-gpu/rtl/orig/bitmap_rom_tt.v /home/yangfan/Desktop/Columbia/2025Spring/Projects/microgpu/tiniest-gpu/rtl/orig/vga.v /home/yangfan/Desktop/Columbia/2025Spring/Projects/microgpu/tiniest-gpu/rtl/orig/div.v /home/yangfan/Desktop/Columbia/2025Spring/Projects/microgpu/tiniest-gpu/rtl/orig/bitmap_rom_sk.v /home/yangfan/Desktop/Columbia/2025Spring/Projects/microgpu/tiniest-gpu/rtl/orig/uart_receiver.v /home/yangfan/Desktop/Columbia/2025Spring/Projects/microgpu/tiniest-gpu/rtl/orig/dot4.v /home/yangfan/Desktop/Columbia/2025Spring/Projects/microgpu/tiniest-gpu/rtl/orig/vs.v /home/yangfan/Desktop/Columbia/2025Spring/Projects/microgpu/tiniest-gpu/rtl/orig/raster.v /home/yangfan/Desktop/Columbia/2025Spring/Projects/microgpu/tiniest-gpu/rtl/orig/bitmap_rom_ddct.v /home/yangfan/Desktop/Columbia/2025Spring/Projects/microgpu/tiniest-gpu/rtl/orig/project.v /home/yangfan/Desktop/Columbia/2025Spring/Projects/microgpu/tiniest-gpu/rtl/orig/slowmpy.v /home/yangfan/Desktop/Columbia/2025Spring/Projects/microgpu/tiniest-gpu/rtl/orig/uart_top.v /home/yangfan/Desktop/Columbia/2025Spring/Projects/microgpu/tiniest-gpu/rtl/orig/baud_rate_generator.v /home/yangfan/Desktop/Columbia/2025Spring/Projects/microgpu/tiniest-gpu/rtl/orig/ia.v}
update_compile_order -fileset sources_1
set_property -dict [list \
  CONFIG.CLKOUT2_USED {false} \
  CONFIG.MMCM_CLKOUT1_DIVIDE {1} \
  CONFIG.NUM_OUT_CLKS {1} \
] [get_ips clk_wiz_0]
generate_target all [get_files  /home/yangfan/Desktop/Columbia/2025Spring/Projects/microgpu/tiniest-gpu/fpga/xilinx/full/full.srcs/sources_1/ip/clk_wiz_0/clk_wiz_0.xci]
INFO: [IP_Flow 19-1686] Generating 'Instantiation Template' target for IP 'clk_wiz_0'...
INFO: [IP_Flow 19-1686] Generating 'Synthesis' target for IP 'clk_wiz_0'...
INFO: [IP_Flow 19-1686] Generating 'Simulation' target for IP 'clk_wiz_0'...
INFO: [IP_Flow 19-1686] Generating 'Implementation' target for IP 'clk_wiz_0'...
INFO: [IP_Flow 19-1686] Generating 'Change Log' target for IP 'clk_wiz_0'...
catch { config_ip_cache -export [get_ips -all clk_wiz_0] }
INFO: [IP_Flow 19-6924] IPCACHE: Running cache check for IP inst: clk_wiz_0
export_ip_user_files -of_objects [get_files /home/yangfan/Desktop/Columbia/2025Spring/Projects/microgpu/tiniest-gpu/fpga/xilinx/full/full.srcs/sources_1/ip/clk_wiz_0/clk_wiz_0.xci] -no_script -sync -force -quiet
reset_run clk_wiz_0_synth_1
launch_runs clk_wiz_0_synth_1 -jobs 8
INFO: [IP_Flow 19-6924] IPCACHE: Running cache check for IP inst: clk_wiz_0
[Thu Feb  6 23:51:41 2025] Launched clk_wiz_0_synth_1...
Run output will be captured here: /home/yangfan/Desktop/Columbia/2025Spring/Projects/microgpu/tiniest-gpu/fpga/xilinx/full/full.runs/clk_wiz_0_synth_1/runme.log
export_simulation -of_objects [get_files /home/yangfan/Desktop/Columbia/2025Spring/Projects/microgpu/tiniest-gpu/fpga/xilinx/full/full.srcs/sources_1/ip/clk_wiz_0/clk_wiz_0.xci] -directory /home/yangfan/Desktop/Columbia/2025Spring/Projects/microgpu/tiniest-gpu/fpga/xilinx/full/full.ip_user_files/sim_scripts -ip_user_files_dir /home/yangfan/Desktop/Columbia/2025Spring/Projects/microgpu/tiniest-gpu/fpga/xilinx/full/full.ip_user_files -ipstatic_source_dir /home/yangfan/Desktop/Columbia/2025Spring/Projects/microgpu/tiniest-gpu/fpga/xilinx/full/full.ip_user_files/ipstatic -lib_map_path [list {modelsim=/home/yangfan/Desktop/Columbia/2025Spring/Projects/microgpu/tiniest-gpu/fpga/xilinx/full/full.cache/compile_simlib/modelsim} {questa=/home/yangfan/Desktop/Columbia/2025Spring/Projects/microgpu/tiniest-gpu/fpga/xilinx/full/full.cache/compile_simlib/questa} {xcelium=/home/yangfan/Desktop/Columbia/2025Spring/Projects/microgpu/tiniest-gpu/fpga/xilinx/full/full.cache/compile_simlib/xcelium} {vcs=/home/yangfan/Desktop/Columbia/2025Spring/Projects/microgpu/tiniest-gpu/fpga/xilinx/full/full.cache/compile_simlib/vcs} {riviera=/home/yangfan/Desktop/Columbia/2025Spring/Projects/microgpu/tiniest-gpu/fpga/xilinx/full/full.cache/compile_simlib/riviera}] -use_ip_compiled_libs -force -quiet
reset_run synth_1
INFO: [Project 1-1160] Copying file /home/yangfan/Desktop/Columbia/2025Spring/Projects/microgpu/tiniest-gpu/fpga/xilinx/full/full.runs/synth_1/top_gpu.dcp to /home/yangfan/Desktop/Columbia/2025Spring/Projects/microgpu/tiniest-gpu/fpga/xilinx/full/full.srcs/utils_1/imports/synth_1 and adding it to utils fileset
launch_runs impl_1 -to_step write_bitstream -jobs 8
[Thu Feb  6 23:52:04 2025] Launched clk_wiz_0_synth_1, synth_1...
Run output will be captured here:
clk_wiz_0_synth_1: /home/yangfan/Desktop/Columbia/2025Spring/Projects/microgpu/tiniest-gpu/fpga/xilinx/full/full.runs/clk_wiz_0_synth_1/runme.log
synth_1: /home/yangfan/Desktop/Columbia/2025Spring/Projects/microgpu/tiniest-gpu/fpga/xilinx/full/full.runs/synth_1/runme.log
[Thu Feb  6 23:52:04 2025] Launched impl_1...
Run output will be captured here: /home/yangfan/Desktop/Columbia/2025Spring/Projects/microgpu/tiniest-gpu/fpga/xilinx/full/full.runs/impl_1/runme.log
open_hw_manager
connect_hw_server -allow_non_jtag
INFO: [Labtools 27-2285] Connecting to hw_server url TCP:localhost:3121
INFO: [Labtools 27-2222] Launching hw_server...
INFO: [Labtools 27-2221] Launch Output:

****** Xilinx hw_server v2024.1
  **** Build date : May 22 2024 at 19:19:01
    ** Copyright 1986-2022 Xilinx, Inc. All Rights Reserved.


INFO: [Labtools 27-3415] Connecting to cs_server url TCP:localhost:0
INFO: [Labtools 27-3417] Launching cs_server...
INFO: [Labtools 27-2221] Launch Output:


******** Xilinx cs_server v2024.1.0
  ****** Build date   : Apr 26 2024-21:40:49
    **** Build number : 2024.1.1714182049
      ** Copyright 2017-2022 Xilinx, Inc. All Rights Reserved.
      ** Copyright 2022-2025 Advanced Micro Devices, Inc. All Rights Reserved.



open_hw_target
INFO: [Labtoolstcl 44-466] Opening hw_target localhost:3121/xilinx_tcf/Digilent/210183AA0FAAA
set_property PROGRAM.FILE {/home/yangfan/Desktop/Columbia/2025Spring/Projects/microgpu/tiniest-gpu/fpga/xilinx/full/full.runs/impl_1/top_gpu.bit} [get_hw_devices xc7a35t_0]
current_hw_device [get_hw_devices xc7a35t_0]
refresh_hw_device -update_hw_probes false [lindex [get_hw_devices xc7a35t_0] 0]
INFO: [Labtools 27-1435] Device xc7a35t (JTAG device index = 0) is not programmed (DONE status = 0).
set_property PROBES.FILE {} [get_hw_devices xc7a35t_0]
set_property FULL_PROBES.FILE {} [get_hw_devices xc7a35t_0]
set_property PROGRAM.FILE {/home/yangfan/Desktop/Columbia/2025Spring/Projects/microgpu/tiniest-gpu/fpga/xilinx/full/full.runs/impl_1/top_gpu.bit} [get_hw_devices xc7a35t_0]
program_hw_devices [get_hw_devices xc7a35t_0]
INFO: [Labtools 27-3164] End of startup status: HIGH
refresh_hw_device [lindex [get_hw_devices xc7a35t_0] 0]
INFO: [Labtools 27-1434] Device xc7a35t (JTAG device index = 0) is programmed with a design that has no supported debug core(s) in it.
exit
INFO: [Common 17-206] Exiting Vivado at Fri Feb  7 01:16:42 2025...
