
*** Running vivado
    with args -log top_gpu.vdi -applog -m64 -product Vivado -messageDb vivado.pb -mode batch -source top_gpu.tcl -notrace


****** Vivado v2024.1 (64-bit)
  **** SW Build 5076996 on Wed May 22 18:36:09 MDT 2024
  **** IP Build 5075265 on Wed May 22 21:45:21 MDT 2024
  **** SharedData Build 5076995 on Wed May 22 18:29:18 MDT 2024
  **** Start of session at: Wed Feb 19 03:25:58 2025
    ** Copyright 1986-2022 Xilinx, Inc. All Rights Reserved.
    ** Copyright 2022-2024 Advanced Micro Devices, Inc. All Rights Reserved.

source top_gpu.tcl -notrace
create_project: Time (s): cpu = 00:00:06 ; elapsed = 00:00:06 . Memory (MB): peak = 1414.895 ; gain = 0.027 ; free physical = 2321 ; free virtual = 11286
Command: link_design -top top_gpu -part xc7a35ticpg236-1L
Design is defaulting to srcset: sources_1
Design is defaulting to constrset: constrs_1
INFO: [Device 21-403] Loading part xc7a35ticpg236-1L
INFO: [Device 21-9227] Part: xc7a35ticpg236-1L does not have CEAM library.
INFO: [Project 1-454] Reading design checkpoint '/home/yangfan/Desktop/Columbia/2025Spring/Projects/microgpu/tiniest-gpu/fpga/xilinx/full_20MHz_vga_exc/full_20MHz_vga_exc.gen/sources_1/ip/clk_wiz_0/clk_wiz_0.dcp' for cell 'instance_name'
Netlist sorting complete. Time (s): cpu = 00:00:00.02 ; elapsed = 00:00:00.02 . Memory (MB): peak = 1729.410 ; gain = 0.000 ; free physical = 2008 ; free virtual = 11029
INFO: [Netlist 29-17] Analyzing 461 Unisim elements for replacement
INFO: [Netlist 29-28] Unisim Transformation completed in 0 CPU seconds
INFO: [Project 1-479] Netlist was created with Vivado 2024.1
INFO: [Project 1-570] Preparing netlist for logic optimization
Parsing XDC File [/home/yangfan/Desktop/Columbia/2025Spring/Projects/microgpu/tiniest-gpu/fpga/xilinx/full_20MHz_vga_exc/full_20MHz_vga_exc.gen/sources_1/ip/clk_wiz_0/clk_wiz_0_board.xdc] for cell 'instance_name/inst'
Finished Parsing XDC File [/home/yangfan/Desktop/Columbia/2025Spring/Projects/microgpu/tiniest-gpu/fpga/xilinx/full_20MHz_vga_exc/full_20MHz_vga_exc.gen/sources_1/ip/clk_wiz_0/clk_wiz_0_board.xdc] for cell 'instance_name/inst'
Parsing XDC File [/home/yangfan/Desktop/Columbia/2025Spring/Projects/microgpu/tiniest-gpu/fpga/xilinx/full_20MHz_vga_exc/full_20MHz_vga_exc.gen/sources_1/ip/clk_wiz_0/clk_wiz_0.xdc] for cell 'instance_name/inst'
INFO: [Timing 38-35] Done setting XDC timing constraints. [/home/yangfan/Desktop/Columbia/2025Spring/Projects/microgpu/tiniest-gpu/fpga/xilinx/full_20MHz_vga_exc/full_20MHz_vga_exc.gen/sources_1/ip/clk_wiz_0/clk_wiz_0.xdc:54]
INFO: [Timing 38-2] Deriving generated clocks [/home/yangfan/Desktop/Columbia/2025Spring/Projects/microgpu/tiniest-gpu/fpga/xilinx/full_20MHz_vga_exc/full_20MHz_vga_exc.gen/sources_1/ip/clk_wiz_0/clk_wiz_0.xdc:54]
get_clocks: Time (s): cpu = 00:00:06 ; elapsed = 00:00:06 . Memory (MB): peak = 2454.797 ; gain = 579.797 ; free physical = 1491 ; free virtual = 10464
Finished Parsing XDC File [/home/yangfan/Desktop/Columbia/2025Spring/Projects/microgpu/tiniest-gpu/fpga/xilinx/full_20MHz_vga_exc/full_20MHz_vga_exc.gen/sources_1/ip/clk_wiz_0/clk_wiz_0.xdc] for cell 'instance_name/inst'
Parsing XDC File [/home/yangfan/Desktop/Columbia/2025Spring/Projects/microgpu/tiniest-gpu/fpga/xilinx/Basys-3-tiniest_gpu.xdc]
Finished Parsing XDC File [/home/yangfan/Desktop/Columbia/2025Spring/Projects/microgpu/tiniest-gpu/fpga/xilinx/Basys-3-tiniest_gpu.xdc]
INFO: [Opt 31-138] Pushed 0 inverter(s) to 0 load pin(s).
Netlist sorting complete. Time (s): cpu = 00:00:00 ; elapsed = 00:00:00 . Memory (MB): peak = 2454.797 ; gain = 0.000 ; free physical = 1491 ; free virtual = 10465
INFO: [Project 1-111] Unisim Transformation Summary:
  A total of 60 instances were transformed.
  RAM64M => RAM64M (RAMD64E(x4)): 60 instances

11 Infos, 0 Warnings, 0 Critical Warnings and 0 Errors encountered.
link_design completed successfully
link_design: Time (s): cpu = 00:00:11 ; elapsed = 00:00:11 . Memory (MB): peak = 2454.797 ; gain = 1039.902 ; free physical = 1491 ; free virtual = 10465
Command: opt_design
Attempting to get a license for feature 'Implementation' and/or device 'xc7a35ti'
INFO: [Common 17-349] Got license for feature 'Implementation' and/or device 'xc7a35ti'
Running DRC as a precondition to command opt_design

Starting DRC Task
INFO: [DRC 23-27] Running DRC with 8 threads
INFO: [Project 1-461] DRC finished with 0 Errors
INFO: [Project 1-462] Please refer to the DRC report (report_drc) for more information.

Time (s): cpu = 00:00:01 ; elapsed = 00:00:00.66 . Memory (MB): peak = 2518.828 ; gain = 64.031 ; free physical = 1484 ; free virtual = 10468

Starting Cache Timing Information Task
INFO: [Timing 38-35] Done setting XDC timing constraints.
INFO: [Timing 38-2] Deriving generated clocks
Ending Cache Timing Information Task | Checksum: 1596e9a45

Time (s): cpu = 00:00:00.5 ; elapsed = 00:00:00.15 . Memory (MB): peak = 2518.828 ; gain = 0.000 ; free physical = 1483 ; free virtual = 10469

Starting Logic Optimization Task

Phase 1 Initialization

Phase 1.1 Core Generation And Design Setup
Phase 1.1 Core Generation And Design Setup | Checksum: 1596e9a45

Time (s): cpu = 00:00:00 ; elapsed = 00:00:00.01 . Memory (MB): peak = 2813.523 ; gain = 0.000 ; free physical = 1114 ; free virtual = 10131

Phase 1.2 Setup Constraints And Sort Netlist
Phase 1.2 Setup Constraints And Sort Netlist | Checksum: 1596e9a45

Time (s): cpu = 00:00:00 ; elapsed = 00:00:00.01 . Memory (MB): peak = 2813.523 ; gain = 0.000 ; free physical = 1114 ; free virtual = 10131
Phase 1 Initialization | Checksum: 1596e9a45

Time (s): cpu = 00:00:00 ; elapsed = 00:00:00.01 . Memory (MB): peak = 2813.523 ; gain = 0.000 ; free physical = 1114 ; free virtual = 10131

Phase 2 Timer Update And Timing Data Collection

Phase 2.1 Timer Update
Phase 2.1 Timer Update | Checksum: 1596e9a45

Time (s): cpu = 00:00:00.87 ; elapsed = 00:00:00.15 . Memory (MB): peak = 2813.523 ; gain = 0.000 ; free physical = 1114 ; free virtual = 10133

Phase 2.2 Timing Data Collection
Phase 2.2 Timing Data Collection | Checksum: 1596e9a45

Time (s): cpu = 00:00:00.88 ; elapsed = 00:00:00.16 . Memory (MB): peak = 2813.523 ; gain = 0.000 ; free physical = 1114 ; free virtual = 10133
Phase 2 Timer Update And Timing Data Collection | Checksum: 1596e9a45

Time (s): cpu = 00:00:00.88 ; elapsed = 00:00:00.16 . Memory (MB): peak = 2813.523 ; gain = 0.000 ; free physical = 1114 ; free virtual = 10133

Phase 3 Retarget
INFO: [Opt 31-1834] Total Chains To Be Transformed Were: 0 AND Number of Transformed insts Created are: 0
INFO: [Opt 31-1566] Pulled 1 inverters resulting in an inversion of 5 pins
INFO: [Opt 31-138] Pushed 1 inverter(s) to 1 load pin(s).
INFO: [Opt 31-49] Retargeted 0 cell(s).
Phase 3 Retarget | Checksum: 205fc3de7

Time (s): cpu = 00:00:00.94 ; elapsed = 00:00:00.22 . Memory (MB): peak = 2813.523 ; gain = 0.000 ; free physical = 1113 ; free virtual = 10133
Retarget | Checksum: 205fc3de7
INFO: [Opt 31-389] Phase Retarget created 0 cells and removed 1 cells
INFO: [Opt 31-1021] In phase Retarget, 1 netlist objects are constrained preventing optimization. Please run opt_design with -debug_log to get more detail. 

Phase 4 Constant propagation
INFO: [Opt 31-138] Pushed 0 inverter(s) to 0 load pin(s).
Phase 4 Constant propagation | Checksum: 20938587d

Time (s): cpu = 00:00:00.98 ; elapsed = 00:00:00.26 . Memory (MB): peak = 2813.523 ; gain = 0.000 ; free physical = 1113 ; free virtual = 10134
Constant propagation | Checksum: 20938587d
INFO: [Opt 31-389] Phase Constant propagation created 0 cells and removed 0 cells

Phase 5 Sweep
Phase 5 Sweep | Checksum: 26acb8966

Time (s): cpu = 00:00:01 ; elapsed = 00:00:00.3 . Memory (MB): peak = 2813.523 ; gain = 0.000 ; free physical = 1112 ; free virtual = 10133
Sweep | Checksum: 26acb8966
INFO: [Opt 31-389] Phase Sweep created 0 cells and removed 1 cells

Phase 6 BUFG optimization
Phase 6 BUFG optimization | Checksum: 26acb8966

Time (s): cpu = 00:00:01 ; elapsed = 00:00:00.34 . Memory (MB): peak = 2813.523 ; gain = 0.000 ; free physical = 1099 ; free virtual = 10120
BUFG optimization | Checksum: 26acb8966
INFO: [Opt 31-662] Phase BUFG optimization created 0 cells of which 0 are BUFGs and removed 0 cells.

Phase 7 Shift Register Optimization
INFO: [Opt 31-1064] SRL Remap converted 0 SRLs to 0 registers and converted 0 registers of register chains to 0 SRLs
Phase 7 Shift Register Optimization | Checksum: 26acb8966

Time (s): cpu = 00:00:01 ; elapsed = 00:00:00.35 . Memory (MB): peak = 2813.523 ; gain = 0.000 ; free physical = 1099 ; free virtual = 10120
Shift Register Optimization | Checksum: 26acb8966
INFO: [Opt 31-389] Phase Shift Register Optimization created 0 cells and removed 0 cells

Phase 8 Post Processing Netlist
Phase 8 Post Processing Netlist | Checksum: 26acb8966

Time (s): cpu = 00:00:01 ; elapsed = 00:00:00.36 . Memory (MB): peak = 2813.523 ; gain = 0.000 ; free physical = 1097 ; free virtual = 10120
Post Processing Netlist | Checksum: 26acb8966
INFO: [Opt 31-389] Phase Post Processing Netlist created 0 cells and removed 0 cells

Phase 9 Finalization

Phase 9.1 Finalizing Design Cores and Updating Shapes
Phase 9.1 Finalizing Design Cores and Updating Shapes | Checksum: 1af360960

Time (s): cpu = 00:00:01 ; elapsed = 00:00:00.47 . Memory (MB): peak = 2813.523 ; gain = 0.000 ; free physical = 1095 ; free virtual = 10119

Phase 9.2 Verifying Netlist Connectivity

Starting Connectivity Check Task

Time (s): cpu = 00:00:00.01 ; elapsed = 00:00:00.01 . Memory (MB): peak = 2813.523 ; gain = 0.000 ; free physical = 1095 ; free virtual = 10119
Phase 9.2 Verifying Netlist Connectivity | Checksum: 1af360960

Time (s): cpu = 00:00:01 ; elapsed = 00:00:00.48 . Memory (MB): peak = 2813.523 ; gain = 0.000 ; free physical = 1095 ; free virtual = 10119
Phase 9 Finalization | Checksum: 1af360960

Time (s): cpu = 00:00:01 ; elapsed = 00:00:00.48 . Memory (MB): peak = 2813.523 ; gain = 0.000 ; free physical = 1095 ; free virtual = 10119
Opt_design Change Summary
=========================


-------------------------------------------------------------------------------------------------------------------------
|  Phase                        |  #Cells created  |  #Cells Removed  |  #Constrained objects preventing optimizations  |
-------------------------------------------------------------------------------------------------------------------------
|  Retarget                     |               0  |               1  |                                              1  |
|  Constant propagation         |               0  |               0  |                                              0  |
|  Sweep                        |               0  |               1  |                                              0  |
|  BUFG optimization            |               0  |               0  |                                              0  |
|  Shift Register Optimization  |               0  |               0  |                                              0  |
|  Post Processing Netlist      |               0  |               0  |                                              0  |
-------------------------------------------------------------------------------------------------------------------------


Ending Logic Optimization Task | Checksum: 1af360960

Time (s): cpu = 00:00:01 ; elapsed = 00:00:00.48 . Memory (MB): peak = 2813.523 ; gain = 0.000 ; free physical = 1095 ; free virtual = 10119

Starting Power Optimization Task
INFO: [Pwropt 34-132] Skipping clock gating for clocks with a period < 2.00 ns.
Ending Power Optimization Task | Checksum: 1af360960

Time (s): cpu = 00:00:00.01 ; elapsed = 00:00:00.01 . Memory (MB): peak = 2813.523 ; gain = 0.000 ; free physical = 1095 ; free virtual = 10119

Starting Final Cleanup Task
Ending Final Cleanup Task | Checksum: 1af360960

Time (s): cpu = 00:00:00 ; elapsed = 00:00:00 . Memory (MB): peak = 2813.523 ; gain = 0.000 ; free physical = 1095 ; free virtual = 10119

Starting Netlist Obfuscation Task
Netlist sorting complete. Time (s): cpu = 00:00:00 ; elapsed = 00:00:00 . Memory (MB): peak = 2813.523 ; gain = 0.000 ; free physical = 1095 ; free virtual = 10119
Ending Netlist Obfuscation Task | Checksum: 1af360960

Time (s): cpu = 00:00:00 ; elapsed = 00:00:00 . Memory (MB): peak = 2813.523 ; gain = 0.000 ; free physical = 1095 ; free virtual = 10119
INFO: [Common 17-83] Releasing license: Implementation
32 Infos, 0 Warnings, 0 Critical Warnings and 0 Errors encountered.
opt_design completed successfully
INFO: [Vivado 12-24828] Executing command : report_drc -file top_gpu_drc_opted.rpt -pb top_gpu_drc_opted.pb -rpx top_gpu_drc_opted.rpx
Command: report_drc -file top_gpu_drc_opted.rpt -pb top_gpu_drc_opted.pb -rpx top_gpu_drc_opted.rpx
INFO: [IP_Flow 19-1839] IP Catalog is up to date.
INFO: [DRC 23-27] Running DRC with 8 threads
INFO: [Vivado_Tcl 2-168] The results of DRC are in file /home/yangfan/Desktop/Columbia/2025Spring/Projects/microgpu/tiniest-gpu/fpga/xilinx/full_20MHz_vga_exc/full_20MHz_vga_exc.runs/impl_1/top_gpu_drc_opted.rpt.
report_drc completed successfully
INFO: [Timing 38-480] Writing timing data to binary archive.
Wrote PlaceDB: Time (s): cpu = 00:00:00 ; elapsed = 00:00:00.01 . Memory (MB): peak = 2901.566 ; gain = 0.000 ; free physical = 1057 ; free virtual = 10090
Wrote PulsedLatchDB: Time (s): cpu = 00:00:00.01 ; elapsed = 00:00:00 . Memory (MB): peak = 2901.566 ; gain = 0.000 ; free physical = 1057 ; free virtual = 10090
Writing XDEF routing.
Write ShapeDB Complete: Time (s): cpu = 00:00:00.04 ; elapsed = 00:00:00.01 . Memory (MB): peak = 2901.566 ; gain = 0.000 ; free physical = 1057 ; free virtual = 10090
Writing XDEF routing logical nets.
Writing XDEF routing special nets.
Wrote RouteStorage: Time (s): cpu = 00:00:00.08 ; elapsed = 00:00:00.02 . Memory (MB): peak = 2901.566 ; gain = 0.000 ; free physical = 1056 ; free virtual = 10090
Wrote Netlist Cache: Time (s): cpu = 00:00:00 ; elapsed = 00:00:00 . Memory (MB): peak = 2901.566 ; gain = 0.000 ; free physical = 1056 ; free virtual = 10090
Wrote Device Cache: Time (s): cpu = 00:00:00.02 ; elapsed = 00:00:00 . Memory (MB): peak = 2901.566 ; gain = 0.000 ; free physical = 1054 ; free virtual = 10089
Write Physdb Complete: Time (s): cpu = 00:00:00.12 ; elapsed = 00:00:00.03 . Memory (MB): peak = 2901.566 ; gain = 0.000 ; free physical = 1054 ; free virtual = 10089
INFO: [Common 17-1381] The checkpoint '/home/yangfan/Desktop/Columbia/2025Spring/Projects/microgpu/tiniest-gpu/fpga/xilinx/full_20MHz_vga_exc/full_20MHz_vga_exc.runs/impl_1/top_gpu_opt.dcp' has been generated.
Command: place_design
Attempting to get a license for feature 'Implementation' and/or device 'xc7a35ti'
INFO: [Common 17-349] Got license for feature 'Implementation' and/or device 'xc7a35ti'
INFO: [Common 17-83] Releasing license: Implementation
INFO: [DRC 23-27] Running DRC with 8 threads
INFO: [Vivado_Tcl 4-198] DRC finished with 0 Errors
INFO: [Vivado_Tcl 4-199] Please refer to the DRC report (report_drc) for more information.
Running DRC as a precondition to command place_design
INFO: [DRC 23-27] Running DRC with 8 threads
INFO: [Vivado_Tcl 4-198] DRC finished with 0 Errors
INFO: [Vivado_Tcl 4-199] Please refer to the DRC report (report_drc) for more information.
INFO: [Place 30-611] Multithreading enabled for place_design using a maximum of 8 CPUs

Starting Placer Task

Phase 1 Placer Initialization

Phase 1.1 Placer Initialization Netlist Sorting
Netlist sorting complete. Time (s): cpu = 00:00:00 ; elapsed = 00:00:00 . Memory (MB): peak = 2901.566 ; gain = 0.000 ; free physical = 1034 ; free virtual = 10091
Phase 1.1 Placer Initialization Netlist Sorting | Checksum: 1379d4d0f

Time (s): cpu = 00:00:00.01 ; elapsed = 00:00:00.01 . Memory (MB): peak = 2901.566 ; gain = 0.000 ; free physical = 1034 ; free virtual = 10091
Netlist sorting complete. Time (s): cpu = 00:00:00 ; elapsed = 00:00:00 . Memory (MB): peak = 2901.566 ; gain = 0.000 ; free physical = 1034 ; free virtual = 10092

Phase 1.2 IO Placement/ Clock Placement/ Build Placer Device
WARNING: [Place 30-87] Partially locked IO Bus is found. Following components of the IO Bus ui_in are not locked:  'ui_in[7]'  'ui_in[6]'  'ui_in[5]'  'ui_in[4]'  'ui_in[2]'  'ui_in[1]'  'ui_in[0]' 
INFO: [Timing 38-35] Done setting XDC timing constraints.
Phase 1.2 IO Placement/ Clock Placement/ Build Placer Device | Checksum: 259070342

Time (s): cpu = 00:00:00.91 ; elapsed = 00:00:00.32 . Memory (MB): peak = 2901.566 ; gain = 0.000 ; free physical = 1032 ; free virtual = 10094

Phase 1.3 Build Placer Netlist Model
Phase 1.3 Build Placer Netlist Model | Checksum: 2a44f1553

Time (s): cpu = 00:00:03 ; elapsed = 00:00:01 . Memory (MB): peak = 2901.566 ; gain = 0.000 ; free physical = 1017 ; free virtual = 10089

Phase 1.4 Constrain Clocks/Macros
Phase 1.4 Constrain Clocks/Macros | Checksum: 2a44f1553

Time (s): cpu = 00:00:03 ; elapsed = 00:00:01 . Memory (MB): peak = 2901.566 ; gain = 0.000 ; free physical = 1017 ; free virtual = 10089
Phase 1 Placer Initialization | Checksum: 2a44f1553

Time (s): cpu = 00:00:03 ; elapsed = 00:00:01 . Memory (MB): peak = 2901.566 ; gain = 0.000 ; free physical = 1017 ; free virtual = 10089

Phase 2 Global Placement

Phase 2.1 Floorplanning
Phase 2.1 Floorplanning | Checksum: 333ccba9d

Time (s): cpu = 00:00:03 ; elapsed = 00:00:01 . Memory (MB): peak = 2901.566 ; gain = 0.000 ; free physical = 1041 ; free virtual = 10115

Phase 2.2 Update Timing before SLR Path Opt
Phase 2.2 Update Timing before SLR Path Opt | Checksum: 264e67b67

Time (s): cpu = 00:00:04 ; elapsed = 00:00:01 . Memory (MB): peak = 2901.566 ; gain = 0.000 ; free physical = 1049 ; free virtual = 10125

Phase 2.3 Post-Processing in Floorplanning
Phase 2.3 Post-Processing in Floorplanning | Checksum: 264e67b67

Time (s): cpu = 00:00:04 ; elapsed = 00:00:01 . Memory (MB): peak = 2901.566 ; gain = 0.000 ; free physical = 1049 ; free virtual = 10125

Phase 2.4 Global Placement Core

Phase 2.4.1 UpdateTiming Before Physical Synthesis
Phase 2.4.1 UpdateTiming Before Physical Synthesis | Checksum: 3342ae371

Time (s): cpu = 00:00:10 ; elapsed = 00:00:03 . Memory (MB): peak = 2901.566 ; gain = 0.000 ; free physical = 779 ; free virtual = 10078

Phase 2.4.2 Physical Synthesis In Placer
INFO: [Physopt 32-1035] Found 0 LUTNM shape to break, 83 LUT instances to create LUTNM shape
INFO: [Physopt 32-1044] Break lutnm for timing: one critical 0, two critical 0, total 0, new lutff created 0
INFO: [Physopt 32-1138] End 1 Pass. Optimized 33 nets or LUTs. Breaked 0 LUT, combined 33 existing LUTs and moved 0 existing LUT
INFO: [Physopt 32-65] No nets found for high-fanout optimization.
INFO: [Physopt 32-232] Optimized 0 net. Created 0 new instance.
INFO: [Physopt 32-775] End 1 Pass. Optimized 0 net or cell. Created 0 new cell, deleted 0 existing cell and moved 0 existing cell
INFO: [Physopt 32-670] No setup violation found.  DSP Register Optimization was not performed.
INFO: [Physopt 32-670] No setup violation found.  Shift Register to Pipeline Optimization was not performed.
INFO: [Physopt 32-670] No setup violation found.  Shift Register Optimization was not performed.
INFO: [Physopt 32-670] No setup violation found.  BRAM Register Optimization was not performed.
INFO: [Physopt 32-670] No setup violation found.  URAM Register Optimization was not performed.
INFO: [Physopt 32-949] No candidate nets found for dynamic/static region interface net replication
INFO: [Physopt 32-775] End 1 Pass. Optimized 0 net or cell. Created 0 new cell, deleted 0 existing cell and moved 0 existing cell
Netlist sorting complete. Time (s): cpu = 00:00:00 ; elapsed = 00:00:00 . Memory (MB): peak = 2901.566 ; gain = 0.000 ; free physical = 1084 ; free virtual = 10069

Summary of Physical Synthesis Optimizations
============================================


-----------------------------------------------------------------------------------------------------------------------------------------------------------
|  Optimization                                     |  Added Cells  |  Removed Cells  |  Optimized Cells/Nets  |  Dont Touch  |  Iterations  |  Elapsed   |
-----------------------------------------------------------------------------------------------------------------------------------------------------------
|  LUT Combining                                    |            0  |             33  |                    33  |           0  |           1  |  00:00:00  |
|  Retime                                           |            0  |              0  |                     0  |           0  |           1  |  00:00:00  |
|  Very High Fanout                                 |            0  |              0  |                     0  |           0  |           1  |  00:00:00  |
|  DSP Register                                     |            0  |              0  |                     0  |           0  |           0  |  00:00:00  |
|  Shift Register to Pipeline                       |            0  |              0  |                     0  |           0  |           0  |  00:00:00  |
|  Shift Register                                   |            0  |              0  |                     0  |           0  |           0  |  00:00:00  |
|  BRAM Register                                    |            0  |              0  |                     0  |           0  |           0  |  00:00:00  |
|  URAM Register                                    |            0  |              0  |                     0  |           0  |           0  |  00:00:00  |
|  Dynamic/Static Region Interface Net Replication  |            0  |              0  |                     0  |           0  |           1  |  00:00:00  |
|  Total                                            |            0  |             33  |                    33  |           0  |           4  |  00:00:00  |
-----------------------------------------------------------------------------------------------------------------------------------------------------------


Phase 2.4.2 Physical Synthesis In Placer | Checksum: 256973114

Time (s): cpu = 00:00:11 ; elapsed = 00:00:04 . Memory (MB): peak = 2901.566 ; gain = 0.000 ; free physical = 1084 ; free virtual = 10070
Phase 2.4 Global Placement Core | Checksum: 224840d31

Time (s): cpu = 00:00:11 ; elapsed = 00:00:04 . Memory (MB): peak = 2901.566 ; gain = 0.000 ; free physical = 1088 ; free virtual = 10074
Phase 2 Global Placement | Checksum: 224840d31

Time (s): cpu = 00:00:11 ; elapsed = 00:00:04 . Memory (MB): peak = 2901.566 ; gain = 0.000 ; free physical = 1088 ; free virtual = 10074

Phase 3 Detail Placement

Phase 3.1 Commit Multi Column Macros
Phase 3.1 Commit Multi Column Macros | Checksum: 2988d55af

Time (s): cpu = 00:00:12 ; elapsed = 00:00:04 . Memory (MB): peak = 2901.566 ; gain = 0.000 ; free physical = 1088 ; free virtual = 10074

Phase 3.2 Commit Most Macros & LUTRAMs
Phase 3.2 Commit Most Macros & LUTRAMs | Checksum: 2c6f5eee4

Time (s): cpu = 00:00:13 ; elapsed = 00:00:05 . Memory (MB): peak = 2901.566 ; gain = 0.000 ; free physical = 1067 ; free virtual = 10054

Phase 3.3 Area Swap Optimization
Phase 3.3 Area Swap Optimization | Checksum: 2b6bff920

Time (s): cpu = 00:00:13 ; elapsed = 00:00:05 . Memory (MB): peak = 2901.566 ; gain = 0.000 ; free physical = 1067 ; free virtual = 10054

Phase 3.4 Pipeline Register Optimization
Phase 3.4 Pipeline Register Optimization | Checksum: 2f623448e

Time (s): cpu = 00:00:13 ; elapsed = 00:00:05 . Memory (MB): peak = 2901.566 ; gain = 0.000 ; free physical = 1067 ; free virtual = 10054

Phase 3.5 Small Shape Detail Placement
Phase 3.5 Small Shape Detail Placement | Checksum: 285b7c355

Time (s): cpu = 00:00:14 ; elapsed = 00:00:05 . Memory (MB): peak = 2901.566 ; gain = 0.000 ; free physical = 1084 ; free virtual = 10074

Phase 3.6 Re-assign LUT pins
Phase 3.6 Re-assign LUT pins | Checksum: 2395ad75f

Time (s): cpu = 00:00:15 ; elapsed = 00:00:06 . Memory (MB): peak = 2901.566 ; gain = 0.000 ; free physical = 1083 ; free virtual = 10074

Phase 3.7 Pipeline Register Optimization
Phase 3.7 Pipeline Register Optimization | Checksum: 179b79dcd

Time (s): cpu = 00:00:15 ; elapsed = 00:00:06 . Memory (MB): peak = 2901.566 ; gain = 0.000 ; free physical = 1083 ; free virtual = 10074
Phase 3 Detail Placement | Checksum: 179b79dcd

Time (s): cpu = 00:00:15 ; elapsed = 00:00:06 . Memory (MB): peak = 2901.566 ; gain = 0.000 ; free physical = 1083 ; free virtual = 10074

Phase 4 Post Placement Optimization and Clean-Up

Phase 4.1 Post Commit Optimization
INFO: [Timing 38-35] Done setting XDC timing constraints.

Phase 4.1.1 Post Placement Optimization
Post Placement Optimization Initialization | Checksum: 1a60302d6

Phase 4.1.1.1 BUFG Insertion

Starting Physical Synthesis Task

Phase 1 Physical Synthesis Initialization
INFO: [Physopt 32-721] Multithreading enabled for phys_opt_design using a maximum of 8 CPUs
INFO: [Physopt 32-619] Estimated Timing Summary | WNS=4.815 | TNS=0.000 |
Phase 1 Physical Synthesis Initialization | Checksum: 1582028cd

Time (s): cpu = 00:00:00.79 ; elapsed = 00:00:00.19 . Memory (MB): peak = 2901.566 ; gain = 0.000 ; free physical = 1086 ; free virtual = 10078
INFO: [Place 46-33] Processed net gpu/vs1/dot/mul2/SR[0], BUFG insertion was skipped due to placement/routing conflicts.
INFO: [Place 46-56] BUFG insertion identified 1 candidate nets. Inserted BUFG: 0, Replicated BUFG Driver: 0, Skipped due to Placement/Routing Conflicts: 1, Skipped due to Timing Degradation: 0, Skipped due to netlist editing failed: 0.
Ending Physical Synthesis Task | Checksum: 1b0015674

Time (s): cpu = 00:00:01 ; elapsed = 00:00:00.29 . Memory (MB): peak = 2901.566 ; gain = 0.000 ; free physical = 1086 ; free virtual = 10078
Phase 4.1.1.1 BUFG Insertion | Checksum: 1a60302d6

Time (s): cpu = 00:00:18 ; elapsed = 00:00:07 . Memory (MB): peak = 2901.566 ; gain = 0.000 ; free physical = 1084 ; free virtual = 10076

Phase 4.1.1.2 Post Placement Timing Optimization
INFO: [Place 30-746] Post Placement Timing Summary WNS=4.815. For the most accurate timing information please run report_timing.
Phase 4.1.1.2 Post Placement Timing Optimization | Checksum: 178784fb1

Time (s): cpu = 00:00:18 ; elapsed = 00:00:07 . Memory (MB): peak = 2901.566 ; gain = 0.000 ; free physical = 1084 ; free virtual = 10077

Time (s): cpu = 00:00:18 ; elapsed = 00:00:07 . Memory (MB): peak = 2901.566 ; gain = 0.000 ; free physical = 1084 ; free virtual = 10077
Phase 4.1 Post Commit Optimization | Checksum: 178784fb1

Time (s): cpu = 00:00:18 ; elapsed = 00:00:07 . Memory (MB): peak = 2901.566 ; gain = 0.000 ; free physical = 1084 ; free virtual = 10077

Phase 4.2 Post Placement Cleanup
Phase 4.2 Post Placement Cleanup | Checksum: 178784fb1

Time (s): cpu = 00:00:18 ; elapsed = 00:00:07 . Memory (MB): peak = 2901.566 ; gain = 0.000 ; free physical = 1084 ; free virtual = 10077

Phase 4.3 Placer Reporting

Phase 4.3.1 Print Estimated Congestion
INFO: [Place 30-612] Post-Placement Estimated Congestion 
 ____________________________________________________
|           | Global Congestion | Short Congestion  |
| Direction | Region Size       | Region Size       |
|___________|___________________|___________________|
|      North|                1x1|                1x1|
|___________|___________________|___________________|
|      South|                1x1|                2x2|
|___________|___________________|___________________|
|       East|                1x1|                1x1|
|___________|___________________|___________________|
|       West|                1x1|                1x1|
|___________|___________________|___________________|

Phase 4.3.1 Print Estimated Congestion | Checksum: 178784fb1

Time (s): cpu = 00:00:18 ; elapsed = 00:00:07 . Memory (MB): peak = 2901.566 ; gain = 0.000 ; free physical = 1082 ; free virtual = 10076
Phase 4.3 Placer Reporting | Checksum: 178784fb1

Time (s): cpu = 00:00:18 ; elapsed = 00:00:07 . Memory (MB): peak = 2901.566 ; gain = 0.000 ; free physical = 1082 ; free virtual = 10076

Phase 4.4 Final Placement Cleanup
Netlist sorting complete. Time (s): cpu = 00:00:00 ; elapsed = 00:00:00 . Memory (MB): peak = 2901.566 ; gain = 0.000 ; free physical = 1082 ; free virtual = 10076

Time (s): cpu = 00:00:18 ; elapsed = 00:00:07 . Memory (MB): peak = 2901.566 ; gain = 0.000 ; free physical = 1082 ; free virtual = 10076
Phase 4 Post Placement Optimization and Clean-Up | Checksum: 121bf3625

Time (s): cpu = 00:00:18 ; elapsed = 00:00:07 . Memory (MB): peak = 2901.566 ; gain = 0.000 ; free physical = 1082 ; free virtual = 10076
Ending Placer Task | Checksum: e1af8097

Time (s): cpu = 00:00:18 ; elapsed = 00:00:07 . Memory (MB): peak = 2901.566 ; gain = 0.000 ; free physical = 1082 ; free virtual = 10076
68 Infos, 1 Warnings, 0 Critical Warnings and 0 Errors encountered.
place_design completed successfully
place_design: Time (s): cpu = 00:00:20 ; elapsed = 00:00:08 . Memory (MB): peak = 2901.566 ; gain = 0.000 ; free physical = 1082 ; free virtual = 10076
INFO: [Vivado 12-24838] Running report commands "report_control_sets, report_io, report_utilization" in parallel.
Running report generation with 3 threads.
INFO: [Vivado 12-24828] Executing command : report_control_sets -verbose -file top_gpu_control_sets_placed.rpt
report_control_sets: Time (s): cpu = 00:00:00.13 ; elapsed = 00:00:00.1 . Memory (MB): peak = 2901.566 ; gain = 0.000 ; free physical = 1092 ; free virtual = 10087
INFO: [Vivado 12-24828] Executing command : report_utilization -file top_gpu_utilization_placed.rpt -pb top_gpu_utilization_placed.pb
INFO: [Vivado 12-24828] Executing command : report_io -file top_gpu_io_placed.rpt
report_io: Time (s): cpu = 00:00:00.18 ; elapsed = 00:00:00.22 . Memory (MB): peak = 2901.566 ; gain = 0.000 ; free physical = 1084 ; free virtual = 10081
INFO: [Timing 38-480] Writing timing data to binary archive.
Write ShapeDB Complete: Time (s): cpu = 00:00:00.07 ; elapsed = 00:00:00.02 . Memory (MB): peak = 2901.566 ; gain = 0.000 ; free physical = 1084 ; free virtual = 10082
Wrote PlaceDB: Time (s): cpu = 00:00:00.52 ; elapsed = 00:00:00.25 . Memory (MB): peak = 2901.566 ; gain = 0.000 ; free physical = 1073 ; free virtual = 10079
Wrote PulsedLatchDB: Time (s): cpu = 00:00:00 ; elapsed = 00:00:00 . Memory (MB): peak = 2901.566 ; gain = 0.000 ; free physical = 1073 ; free virtual = 10079
Writing XDEF routing.
Writing XDEF routing logical nets.
Writing XDEF routing special nets.
Wrote RouteStorage: Time (s): cpu = 00:00:00.01 ; elapsed = 00:00:00.01 . Memory (MB): peak = 2901.566 ; gain = 0.000 ; free physical = 1073 ; free virtual = 10080
Wrote Netlist Cache: Time (s): cpu = 00:00:00.01 ; elapsed = 00:00:00.01 . Memory (MB): peak = 2901.566 ; gain = 0.000 ; free physical = 1073 ; free virtual = 10080
Wrote Device Cache: Time (s): cpu = 00:00:00 ; elapsed = 00:00:00 . Memory (MB): peak = 2901.566 ; gain = 0.000 ; free physical = 1073 ; free virtual = 10081
Write Physdb Complete: Time (s): cpu = 00:00:00.54 ; elapsed = 00:00:00.27 . Memory (MB): peak = 2901.566 ; gain = 0.000 ; free physical = 1073 ; free virtual = 10081
INFO: [Common 17-1381] The checkpoint '/home/yangfan/Desktop/Columbia/2025Spring/Projects/microgpu/tiniest-gpu/fpga/xilinx/full_20MHz_vga_exc/full_20MHz_vga_exc.runs/impl_1/top_gpu_placed.dcp' has been generated.
Command: phys_opt_design
Attempting to get a license for feature 'Implementation' and/or device 'xc7a35ti'
INFO: [Common 17-349] Got license for feature 'Implementation' and/or device 'xc7a35ti'

Starting Initial Update Timing Task

Time (s): cpu = 00:00:03 ; elapsed = 00:00:00.58 . Memory (MB): peak = 2901.566 ; gain = 0.000 ; free physical = 1029 ; free virtual = 10046
INFO: [Vivado_Tcl 4-2279] Estimated Timing Summary | WNS= 4.815 | TNS= 0.000 | 
INFO: [Vivado_Tcl 4-383] Design worst setup slack (WNS) is greater than or equal to 0.000 ns. All physical synthesis setup optimizations will be skipped.
INFO: [Vivado_Tcl 4-232] No setup violation found. The netlist was not modified.
INFO: [Common 17-83] Releasing license: Implementation
79 Infos, 1 Warnings, 0 Critical Warnings and 0 Errors encountered.
phys_opt_design completed successfully
INFO: [Timing 38-480] Writing timing data to binary archive.
Write ShapeDB Complete: Time (s): cpu = 00:00:00.07 ; elapsed = 00:00:00.02 . Memory (MB): peak = 2901.566 ; gain = 0.000 ; free physical = 1023 ; free virtual = 10040
Wrote PlaceDB: Time (s): cpu = 00:00:00.54 ; elapsed = 00:00:00.24 . Memory (MB): peak = 2901.566 ; gain = 0.000 ; free physical = 1003 ; free virtual = 10028
Wrote PulsedLatchDB: Time (s): cpu = 00:00:00 ; elapsed = 00:00:00 . Memory (MB): peak = 2901.566 ; gain = 0.000 ; free physical = 1003 ; free virtual = 10028
Writing XDEF routing.
Writing XDEF routing logical nets.
Writing XDEF routing special nets.
Wrote RouteStorage: Time (s): cpu = 00:00:00.01 ; elapsed = 00:00:00.01 . Memory (MB): peak = 2901.566 ; gain = 0.000 ; free physical = 1006 ; free virtual = 10031
Wrote Netlist Cache: Time (s): cpu = 00:00:00.01 ; elapsed = 00:00:00.01 . Memory (MB): peak = 2901.566 ; gain = 0.000 ; free physical = 1006 ; free virtual = 10032
Wrote Device Cache: Time (s): cpu = 00:00:00 ; elapsed = 00:00:00 . Memory (MB): peak = 2901.566 ; gain = 0.000 ; free physical = 1006 ; free virtual = 10032
Write Physdb Complete: Time (s): cpu = 00:00:00.56 ; elapsed = 00:00:00.26 . Memory (MB): peak = 2901.566 ; gain = 0.000 ; free physical = 1006 ; free virtual = 10032
INFO: [Common 17-1381] The checkpoint '/home/yangfan/Desktop/Columbia/2025Spring/Projects/microgpu/tiniest-gpu/fpga/xilinx/full_20MHz_vga_exc/full_20MHz_vga_exc.runs/impl_1/top_gpu_physopt.dcp' has been generated.
Command: route_design
Attempting to get a license for feature 'Implementation' and/or device 'xc7a35ti'
INFO: [Common 17-349] Got license for feature 'Implementation' and/or device 'xc7a35ti'
Running DRC as a precondition to command route_design
INFO: [DRC 23-27] Running DRC with 8 threads
INFO: [Vivado_Tcl 4-198] DRC finished with 0 Errors, 1 Warnings
INFO: [Vivado_Tcl 4-199] Please refer to the DRC report (report_drc) for more information.


Starting Routing Task
INFO: [Route 35-254] Multithreading enabled for route_design using a maximum of 8 CPUs

Phase 1 Build RT Design
Checksum: PlaceDB: 24fa3a03 ConstDB: 0 ShapeSum: 1c33ea3d RouteDB: a0815c57
Post Restoration Checksum: NetGraph: 6fe9661b | NumContArr: 311105b1 | Constraints: c2a8fa9d | Timing: c2a8fa9d
Phase 1 Build RT Design | Checksum: 2264c6106

Time (s): cpu = 00:00:15 ; elapsed = 00:00:12 . Memory (MB): peak = 2971.855 ; gain = 41.945 ; free physical = 846 ; free virtual = 9881

Phase 2 Router Initialization

Phase 2.1 Fix Topology Constraints
Phase 2.1 Fix Topology Constraints | Checksum: 2264c6106

Time (s): cpu = 00:00:15 ; elapsed = 00:00:12 . Memory (MB): peak = 2971.855 ; gain = 41.945 ; free physical = 846 ; free virtual = 9882

Phase 2.2 Pre Route Cleanup
Phase 2.2 Pre Route Cleanup | Checksum: 2264c6106

Time (s): cpu = 00:00:15 ; elapsed = 00:00:12 . Memory (MB): peak = 2971.855 ; gain = 41.945 ; free physical = 846 ; free virtual = 9882
 Number of Nodes with overlaps = 0

Phase 2.3 Update Timing
Phase 2.3 Update Timing | Checksum: 333f75f6b

Time (s): cpu = 00:00:18 ; elapsed = 00:00:13 . Memory (MB): peak = 3004.918 ; gain = 75.008 ; free physical = 816 ; free virtual = 9867
INFO: [Route 35-416] Intermediate Timing Summary | WNS=4.943  | TNS=0.000  | WHS=-0.284 | THS=-281.183|


Router Utilization Summary
  Global Vertical Routing Utilization    = 0 %
  Global Horizontal Routing Utilization  = 0 %
  Routable Net Status*
  *Does not include unroutable nets such as driverless and loadless.
  Run report_route_status for detailed report.
  Number of Failed Nets               = 4486
    (Failed Nets is the sum of unrouted and partially routed nets)
  Number of Unrouted Nets             = 4486
  Number of Partially Routed Nets     = 0
  Number of Node Overlaps             = 0

Phase 2 Router Initialization | Checksum: 268008e80

Time (s): cpu = 00:00:20 ; elapsed = 00:00:13 . Memory (MB): peak = 3004.918 ; gain = 75.008 ; free physical = 810 ; free virtual = 9866

Phase 3 Global Routing
Phase 3 Global Routing | Checksum: 268008e80

Time (s): cpu = 00:00:20 ; elapsed = 00:00:13 . Memory (MB): peak = 3004.918 ; gain = 75.008 ; free physical = 810 ; free virtual = 9866

Phase 4 Initial Routing

Phase 4.1 Initial Net Routing Pass
Phase 4.1 Initial Net Routing Pass | Checksum: 1d72788b1

Time (s): cpu = 00:00:21 ; elapsed = 00:00:13 . Memory (MB): peak = 3004.918 ; gain = 75.008 ; free physical = 810 ; free virtual = 9868
Phase 4 Initial Routing | Checksum: 1d72788b1

Time (s): cpu = 00:00:21 ; elapsed = 00:00:13 . Memory (MB): peak = 3004.918 ; gain = 75.008 ; free physical = 810 ; free virtual = 9868

Phase 5 Rip-up And Reroute

Phase 5.1 Global Iteration 0
 Number of Nodes with overlaps = 313
 Number of Nodes with overlaps = 2
 Number of Nodes with overlaps = 0
INFO: [Route 35-416] Intermediate Timing Summary | WNS=5.414  | TNS=0.000  | WHS=N/A    | THS=N/A    |

Phase 5.1 Global Iteration 0 | Checksum: 2cfbe79be

Time (s): cpu = 00:00:25 ; elapsed = 00:00:15 . Memory (MB): peak = 3004.918 ; gain = 75.008 ; free physical = 800 ; free virtual = 9875
Phase 5 Rip-up And Reroute | Checksum: 2cfbe79be

Time (s): cpu = 00:00:25 ; elapsed = 00:00:15 . Memory (MB): peak = 3004.918 ; gain = 75.008 ; free physical = 800 ; free virtual = 9875

Phase 6 Delay and Skew Optimization

Phase 6.1 Delay CleanUp

Phase 6.1.1 Update Timing
Phase 6.1.1 Update Timing | Checksum: 21faf8554

Time (s): cpu = 00:00:26 ; elapsed = 00:00:15 . Memory (MB): peak = 3004.918 ; gain = 75.008 ; free physical = 798 ; free virtual = 9876
INFO: [Route 35-416] Intermediate Timing Summary | WNS=5.414  | TNS=0.000  | WHS=N/A    | THS=N/A    |

Phase 6.1 Delay CleanUp | Checksum: 21faf8554

Time (s): cpu = 00:00:26 ; elapsed = 00:00:15 . Memory (MB): peak = 3004.918 ; gain = 75.008 ; free physical = 798 ; free virtual = 9876

Phase 6.2 Clock Skew Optimization
Phase 6.2 Clock Skew Optimization | Checksum: 21faf8554

Time (s): cpu = 00:00:26 ; elapsed = 00:00:15 . Memory (MB): peak = 3004.918 ; gain = 75.008 ; free physical = 798 ; free virtual = 9876
Phase 6 Delay and Skew Optimization | Checksum: 21faf8554

Time (s): cpu = 00:00:26 ; elapsed = 00:00:15 . Memory (MB): peak = 3004.918 ; gain = 75.008 ; free physical = 798 ; free virtual = 9876

Phase 7 Post Hold Fix

Phase 7.1 Hold Fix Iter
INFO: [Route 35-416] Intermediate Timing Summary | WNS=5.414  | TNS=0.000  | WHS=0.036  | THS=0.000  |

Phase 7.1 Hold Fix Iter | Checksum: 293e94a32

Time (s): cpu = 00:00:27 ; elapsed = 00:00:15 . Memory (MB): peak = 3004.918 ; gain = 75.008 ; free physical = 791 ; free virtual = 9872
Phase 7 Post Hold Fix | Checksum: 293e94a32

Time (s): cpu = 00:00:27 ; elapsed = 00:00:15 . Memory (MB): peak = 3004.918 ; gain = 75.008 ; free physical = 791 ; free virtual = 9872

Phase 8 Route finalize

Router Utilization Summary
  Global Vertical Routing Utilization    = 1.45316 %
  Global Horizontal Routing Utilization  = 1.70744 %
  Routable Net Status*
  *Does not include unroutable nets such as driverless and loadless.
  Run report_route_status for detailed report.
  Number of Failed Nets               = 0
    (Failed Nets is the sum of unrouted and partially routed nets)
  Number of Unrouted Nets             = 0
  Number of Partially Routed Nets     = 0
  Number of Node Overlaps             = 0

Phase 8 Route finalize | Checksum: 293e94a32

Time (s): cpu = 00:00:27 ; elapsed = 00:00:15 . Memory (MB): peak = 3004.918 ; gain = 75.008 ; free physical = 791 ; free virtual = 9872

Phase 9 Verifying routed nets

 Verification completed successfully
Phase 9 Verifying routed nets | Checksum: 293e94a32

Time (s): cpu = 00:00:27 ; elapsed = 00:00:15 . Memory (MB): peak = 3004.918 ; gain = 75.008 ; free physical = 791 ; free virtual = 9872

Phase 10 Depositing Routes
Phase 10 Depositing Routes | Checksum: 2dd6f22fc

Time (s): cpu = 00:00:28 ; elapsed = 00:00:15 . Memory (MB): peak = 3004.918 ; gain = 75.008 ; free physical = 790 ; free virtual = 9874

Phase 11 Post Process Routing
Phase 11 Post Process Routing | Checksum: 2dd6f22fc

Time (s): cpu = 00:00:28 ; elapsed = 00:00:15 . Memory (MB): peak = 3004.918 ; gain = 75.008 ; free physical = 790 ; free virtual = 9875

Phase 12 Post Router Timing
INFO: [Route 35-57] Estimated Timing Summary | WNS=5.414  | TNS=0.000  | WHS=0.036  | THS=0.000  |

INFO: [Route 35-327] The final timing numbers are based on the router estimated timing analysis. For a complete and accurate timing signoff, please run report_timing_summary.
Phase 12 Post Router Timing | Checksum: 2dd6f22fc

Time (s): cpu = 00:00:28 ; elapsed = 00:00:15 . Memory (MB): peak = 3004.918 ; gain = 75.008 ; free physical = 790 ; free virtual = 9875
Total Elapsed time in route_design: 15.25 secs

Phase 13 Post-Route Event Processing
Phase 13 Post-Route Event Processing | Checksum: 1226b6449

Time (s): cpu = 00:00:28 ; elapsed = 00:00:15 . Memory (MB): peak = 3004.918 ; gain = 75.008 ; free physical = 790 ; free virtual = 9875
INFO: [Route 35-16] Router Completed Successfully
Ending Routing Task | Checksum: 1226b6449

Time (s): cpu = 00:00:28 ; elapsed = 00:00:15 . Memory (MB): peak = 3004.918 ; gain = 75.008 ; free physical = 792 ; free virtual = 9877

Routing Is Done.
INFO: [Common 17-83] Releasing license: Implementation
94 Infos, 1 Warnings, 0 Critical Warnings and 0 Errors encountered.
route_design completed successfully
route_design: Time (s): cpu = 00:00:29 ; elapsed = 00:00:16 . Memory (MB): peak = 3004.918 ; gain = 103.352 ; free physical = 791 ; free virtual = 9878
INFO: [Vivado 12-24828] Executing command : report_drc -file top_gpu_drc_routed.rpt -pb top_gpu_drc_routed.pb -rpx top_gpu_drc_routed.rpx
Command: report_drc -file top_gpu_drc_routed.rpt -pb top_gpu_drc_routed.pb -rpx top_gpu_drc_routed.rpx
INFO: [IP_Flow 19-1839] IP Catalog is up to date.
INFO: [DRC 23-27] Running DRC with 8 threads
INFO: [Vivado_Tcl 2-168] The results of DRC are in file /home/yangfan/Desktop/Columbia/2025Spring/Projects/microgpu/tiniest-gpu/fpga/xilinx/full_20MHz_vga_exc/full_20MHz_vga_exc.runs/impl_1/top_gpu_drc_routed.rpt.
report_drc completed successfully
INFO: [Vivado 12-24828] Executing command : report_methodology -file top_gpu_methodology_drc_routed.rpt -pb top_gpu_methodology_drc_routed.pb -rpx top_gpu_methodology_drc_routed.rpx
Command: report_methodology -file top_gpu_methodology_drc_routed.rpt -pb top_gpu_methodology_drc_routed.pb -rpx top_gpu_methodology_drc_routed.rpx
INFO: [Timing 38-35] Done setting XDC timing constraints.
INFO: [DRC 23-133] Running Methodology with 8 threads
INFO: [Vivado_Tcl 2-1520] The results of Report Methodology are in file /home/yangfan/Desktop/Columbia/2025Spring/Projects/microgpu/tiniest-gpu/fpga/xilinx/full_20MHz_vga_exc/full_20MHz_vga_exc.runs/impl_1/top_gpu_methodology_drc_routed.rpt.
report_methodology completed successfully
INFO: [Vivado 12-24828] Executing command : report_timing_summary -max_paths 10 -report_unconstrained -file top_gpu_timing_summary_routed.rpt -pb top_gpu_timing_summary_routed.pb -rpx top_gpu_timing_summary_routed.rpx -warn_on_violation 
INFO: [Timing 38-35] Done setting XDC timing constraints.
INFO: [Timing 38-91] UpdateTimingParams: Speed grade: -1L, Delay Type: min_max.
INFO: [Timing 38-191] Multithreading enabled for timing update using a maximum of 8 CPUs
INFO: [Vivado 12-24838] Running report commands "report_bus_skew, report_incremental_reuse, report_route_status" in parallel.
Running report generation with 3 threads.
INFO: [Vivado 12-24828] Executing command : report_incremental_reuse -file top_gpu_incremental_reuse_routed.rpt
INFO: [Vivado_Tcl 4-1062] Incremental flow is disabled. No incremental reuse Info to report.
INFO: [Vivado 12-24828] Executing command : report_route_status -file top_gpu_route_status.rpt -pb top_gpu_route_status.pb
INFO: [Vivado 12-24828] Executing command : report_bus_skew -warn_on_violation -file top_gpu_bus_skew_routed.rpt -pb top_gpu_bus_skew_routed.pb -rpx top_gpu_bus_skew_routed.rpx
INFO: [Timing 38-91] UpdateTimingParams: Speed grade: -1L, Delay Type: min_max.
INFO: [Timing 38-191] Multithreading enabled for timing update using a maximum of 8 CPUs
INFO: [Vivado 12-24828] Executing command : report_power -file top_gpu_power_routed.rpt -pb top_gpu_power_summary_routed.pb -rpx top_gpu_power_routed.rpx
Command: report_power -file top_gpu_power_routed.rpt -pb top_gpu_power_summary_routed.pb -rpx top_gpu_power_routed.rpx
Running Vector-less Activity Propagation...

Finished Running Vector-less Activity Propagation
114 Infos, 1 Warnings, 0 Critical Warnings and 0 Errors encountered.
report_power completed successfully
INFO: [Vivado 12-24828] Executing command : report_clock_utilization -file top_gpu_clock_utilization_routed.rpt
WARNING: [Device 21-9320] Failed to find the Oracle tile group with name 'HSR_BOUNDARY_TOP'. This is required for Clock regions and Virtual grid.
WARNING: [Device 21-2174] Failed to initialize Virtual grid.
generate_parallel_reports: Time (s): cpu = 00:00:18 ; elapsed = 00:00:05 . Memory (MB): peak = 3113.012 ; gain = 108.094 ; free physical = 399 ; free virtual = 9809
INFO: [Timing 38-480] Writing timing data to binary archive.
Write ShapeDB Complete: Time (s): cpu = 00:00:00.06 ; elapsed = 00:00:00.02 . Memory (MB): peak = 3113.012 ; gain = 0.000 ; free physical = 391 ; free virtual = 9811
Wrote PlaceDB: Time (s): cpu = 00:00:00.53 ; elapsed = 00:00:00.25 . Memory (MB): peak = 3113.012 ; gain = 0.000 ; free physical = 352 ; free virtual = 9806
Wrote PulsedLatchDB: Time (s): cpu = 00:00:00 ; elapsed = 00:00:00 . Memory (MB): peak = 3113.012 ; gain = 0.000 ; free physical = 352 ; free virtual = 9806
Writing XDEF routing.
Writing XDEF routing logical nets.
Writing XDEF routing special nets.
Wrote RouteStorage: Time (s): cpu = 00:00:00.06 ; elapsed = 00:00:00.04 . Memory (MB): peak = 3113.012 ; gain = 0.000 ; free physical = 353 ; free virtual = 9807
Wrote Netlist Cache: Time (s): cpu = 00:00:00.01 ; elapsed = 00:00:00.01 . Memory (MB): peak = 3113.012 ; gain = 0.000 ; free physical = 353 ; free virtual = 9808
Wrote Device Cache: Time (s): cpu = 00:00:00.01 ; elapsed = 00:00:00 . Memory (MB): peak = 3113.012 ; gain = 0.000 ; free physical = 353 ; free virtual = 9808
Write Physdb Complete: Time (s): cpu = 00:00:00.61 ; elapsed = 00:00:00.3 . Memory (MB): peak = 3113.012 ; gain = 0.000 ; free physical = 353 ; free virtual = 9808
INFO: [Common 17-1381] The checkpoint '/home/yangfan/Desktop/Columbia/2025Spring/Projects/microgpu/tiniest-gpu/fpga/xilinx/full_20MHz_vga_exc/full_20MHz_vga_exc.runs/impl_1/top_gpu_routed.dcp' has been generated.
Command: write_bitstream -force top_gpu.bit
Attempting to get a license for feature 'Implementation' and/or device 'xc7a35ti'
INFO: [Common 17-349] Got license for feature 'Implementation' and/or device 'xc7a35ti'
Running DRC as a precondition to command write_bitstream
INFO: [IP_Flow 19-1839] IP Catalog is up to date.
INFO: [DRC 23-27] Running DRC with 8 threads
INFO: [Vivado 12-3199] DRC finished with 0 Errors
INFO: [Vivado 12-3200] Please refer to the DRC report (report_drc) for more information.
INFO: [Designutils 20-2272] Running write_bitstream with 8 threads.
Loading data files...
Loading site data...
Loading route data...
Processing options...
Creating bitmap...
Creating bitstream...
Writing bitstream ./top_gpu.bit...
INFO: [Vivado 12-1842] Bitgen Completed Successfully.
INFO: [Project 1-1876] WebTalk data collection is mandatory when using a ULT device. To see the specific WebTalk data collected for your design, open the usage_statistics_webtalk.html or usage_statistics_webtalk.xml file in the implementation directory.
INFO: [Common 17-83] Releasing license: Implementation
126 Infos, 3 Warnings, 0 Critical Warnings and 0 Errors encountered.
write_bitstream completed successfully
write_bitstream: Time (s): cpu = 00:00:13 ; elapsed = 00:00:17 . Memory (MB): peak = 3363.168 ; gain = 250.156 ; free physical = 296 ; free virtual = 9556
INFO: [Common 17-206] Exiting Vivado at Wed Feb 19 03:27:12 2025...
